2022-12-07 08:24:57,199+0800 INFO  [quartz-10-thread-4]  *SYSTEM org.sonatype.nexus.quartz.internal.task.QuartzTaskInfo - Task 'Statistics - recalculate vulnerabilities statistics' [repository.vulnerability.statistics] state change WAITING -> RUNNING
2022-12-07 08:24:57,207+0800 INFO  [quartz-10-thread-5]  *SYSTEM org.sonatype.nexus.quartz.internal.task.QuartzTaskInfo - Task 'Storage facet cleanup' [repository.storage-facet-cleanup] state change WAITING -> RUNNING
2022-12-07 08:24:57,216+0800 INFO  [quartz-10-thread-6]  *SYSTEM org.sonatype.nexus.quartz.internal.task.QuartzTaskInfo - Task 'Cleanup service' [repository.cleanup] state change WAITING -> RUNNING
2022-12-07 08:24:57,220+0800 INFO  [quartz-10-thread-5]  *SYSTEM org.sonatype.nexus.quartz.internal.task.QuartzTaskInfo - Task 'Storage facet cleanup' [repository.storage-facet-cleanup] state change RUNNING -> WAITING (OK)
2022-12-07 08:24:57,222+0800 INFO  [quartz-10-thread-7]  *SYSTEM org.sonatype.nexus.quartz.internal.task.QuartzTaskInfo - Task 'Task log cleanup' [tasklog.cleanup] state change WAITING -> RUNNING
2022-12-07 08:24:57,226+0800 INFO  [quartz-10-thread-4]  *SYSTEM com.sonatype.nexus.vulnerability.internal.log.VulnerabilityStatisticsTask - Task log: /nexus-data/log/tasks/repository.vulnerability.statistics-20221207082457209.log
2022-12-07 08:24:57,231+0800 INFO  [quartz-10-thread-7]  *SYSTEM org.sonatype.nexus.tasklog.TaskLogCleanup - Cleaning up log files in /nexus-data/log/tasks older than 30 days
2022-12-07 08:24:57,234+0800 INFO  [quartz-10-thread-6]  *SYSTEM org.sonatype.nexus.cleanup.internal.task.CleanupTask - Task log: /nexus-data/log/tasks/repository.cleanup-20221207082457232.log
2022-12-07 08:24:57,245+0800 INFO  [quartz-10-thread-6]  *SYSTEM org.sonatype.nexus.quartz.internal.task.QuartzTaskInfo - Task 'Cleanup service' [repository.cleanup] state change RUNNING -> WAITING (OK)
2022-12-07 08:24:57,245+0800 INFO  [quartz-10-thread-7]  *SYSTEM org.sonatype.nexus.quartz.internal.task.QuartzTaskInfo - Task 'Task log cleanup' [tasklog.cleanup] state change RUNNING -> WAITING (OK)
2022-12-07 08:24:57,276+0800 INFO  [quartz-10-thread-4]  *SYSTEM org.sonatype.nexus.quartz.internal.task.QuartzTaskInfo - Task 'Statistics - recalculate vulnerabilities statistics' [repository.vulnerability.statistics] state change RUNNING -> WAITING (OK)
2022-12-07 08:30:00,016+0800 INFO  [quartz-10-thread-8]  *SYSTEM org.sonatype.nexus.quartz.internal.task.QuartzTaskInfo - Task 'Storage facet cleanup' [repository.storage-facet-cleanup] state change WAITING -> RUNNING
2022-12-07 08:30:00,024+0800 INFO  [quartz-10-thread-8]  *SYSTEM org.sonatype.nexus.quartz.internal.task.QuartzTaskInfo - Task 'Storage facet cleanup' [repository.storage-facet-cleanup] state change RUNNING -> WAITING (OK)
2022-12-07 08:40:00,016+0800 INFO  [quartz-10-thread-9]  *SYSTEM org.sonatype.nexus.quartz.internal.task.QuartzTaskInfo - Task 'Storage facet cleanup' [repository.storage-facet-cleanup] state change WAITING -> RUNNING
2022-12-07 08:40:00,028+0800 INFO  [quartz-10-thread-9]  *SYSTEM org.sonatype.nexus.quartz.internal.task.QuartzTaskInfo - Task 'Storage facet cleanup' [repository.storage-facet-cleanup] state change RUNNING -> WAITING (OK)
2022-12-07 08:50:00,009+0800 INFO  [quartz-10-thread-10]  *SYSTEM org.sonatype.nexus.quartz.internal.task.QuartzTaskInfo - Task 'Storage facet cleanup' [repository.storage-facet-cleanup] state change WAITING -> RUNNING
2022-12-07 08:50:00,025+0800 INFO  [quartz-10-thread-10]  *SYSTEM org.sonatype.nexus.quartz.internal.task.QuartzTaskInfo - Task 'Storage facet cleanup' [repository.storage-facet-cleanup] state change RUNNING -> WAITING (OK)
2022-12-07 08:54:57,358+0800 INFO  [SessionValidationThread-1]  *UNKNOWN org.apache.shiro.session.mgt.AbstractValidatingSessionManager - Validating all active sessions...
2022-12-07 08:54:57,386+0800 INFO  [SessionValidationThread-1]  *UNKNOWN org.apache.shiro.session.mgt.AbstractValidatingSessionManager - Finished session validation.  [1] sessions were stopped.
2022-12-07 09:00:00,017+0800 INFO  [quartz-10-thread-11]  *SYSTEM org.sonatype.nexus.quartz.internal.task.QuartzTaskInfo - Task 'Storage facet cleanup' [repository.storage-facet-cleanup] state change WAITING -> RUNNING
2022-12-07 09:00:00,028+0800 INFO  [quartz-10-thread-11]  *SYSTEM org.sonatype.nexus.quartz.internal.task.QuartzTaskInfo - Task 'Storage facet cleanup' [repository.storage-facet-cleanup] state change RUNNING -> WAITING (OK)
2022-12-07 09:03:03,395+0800 INFO  [elasticsearch[07D26D0A-B93AE24A-95B79C64-9AC48EE8-4785F48D][clusterService#updateTask][T#1]]  *SYSTEM org.elasticsearch.cluster.metadata - [07D26D0A-B93AE24A-95B79C64-9AC48EE8-4785F48D] [2e9a1e67e8a325bcd6ee9f6790ff6c769e791d56] update_mapping [component]
2022-12-07 09:03:03,591+0800 INFO  [elasticsearch[07D26D0A-B93AE24A-95B79C64-9AC48EE8-4785F48D][clusterService#updateTask][T#1]]  *SYSTEM org.elasticsearch.cluster.metadata - [07D26D0A-B93AE24A-95B79C64-9AC48EE8-4785F48D] [2e9a1e67e8a325bcd6ee9f6790ff6c769e791d56] update_mapping [component]
2022-12-07 09:10:00,037+0800 INFO  [quartz-10-thread-12]  *SYSTEM org.sonatype.nexus.quartz.internal.task.QuartzTaskInfo - Task 'Storage facet cleanup' [repository.storage-facet-cleanup] state change WAITING -> RUNNING
2022-12-07 09:10:00,051+0800 INFO  [quartz-10-thread-12]  *SYSTEM org.sonatype.nexus.quartz.internal.task.QuartzTaskInfo - Task 'Storage facet cleanup' [repository.storage-facet-cleanup] state change RUNNING -> WAITING (OK)
2022-12-07 09:11:06,563+0800 INFO  [qtp1909565284-559]  admin org.sonatype.nexus.rapture.internal.security.SessionServlet - Created session for user: admin
2022-12-07 09:11:09,233+0800 INFO  [qtp1909565284-558]  admin org.sonatype.nexus.rapture.internal.security.SessionServlet - Created session for user: admin
2022-12-07 09:12:19,949+0800 INFO  [qtp1909565284-654]  admin org.sonatype.nexus.repository.maven.internal.orient.MavenHostedComponentMaintenanceFacet - Deleting asset: Asset{metadata=AttachedEntityMetadata{schema=asset, document=asset#74:0{bucket:#61:0,format:maven2,last_updated:Wed Dec 07 09:03:03 CST 2022,attributes:[4],component:#65:0,name:zxf/example/zxf-maven-release-jar/1.0-SNAPSHOT/zxf-maven-release-jar-1.0-20221207.010302-1.jar,size:2819,content_type:application/java-archive,created_by:admin,created_by_ip:172.21.0.1,blob_ref:default@07D26D0A-B93AE24A-95B79C64-9AC48EE8-4785F48D:0dd3feb3-6a08-431c-81e1-2e3ee1f1457b,last_downloaded:null,blob_created:Wed Dec 07 09:03:03 CST 2022,blob_updated:Wed Dec 07 09:03:03 CST 2022} v1}, name=zxf/example/zxf-maven-release-jar/1.0-SNAPSHOT/zxf-maven-release-jar-1.0-20221207.010302-1.jar}
2022-12-07 09:12:21,458+0800 WARN  [qtp1909565284-558]  admin com.sonatype.nexus.plugins.outreach.internal.outreach.SonatypeOutreach - Could not download page bundle
org.apache.http.conn.ConnectTimeoutException: Connect to sonatype-download.global.ssl.fastly.net:443 [sonatype-download.global.ssl.fastly.net/31.13.85.2] failed: connect timed out
	at org.apache.http.impl.conn.DefaultHttpClientConnectionOperator.connect(DefaultHttpClientConnectionOperator.java:151)
	at org.apache.http.impl.conn.PoolingHttpClientConnectionManager.connect(PoolingHttpClientConnectionManager.java:376)
	at org.apache.http.impl.execchain.MainClientExec.establishRoute(MainClientExec.java:393)
	at org.apache.http.impl.execchain.MainClientExec.execute(MainClientExec.java:236)
	at org.apache.http.impl.execchain.ProtocolExec.execute(ProtocolExec.java:186)
	at org.apache.http.impl.execchain.RetryExec.execute(RetryExec.java:89)
	at org.apache.http.impl.execchain.RedirectExec.execute(RedirectExec.java:110)
	at org.apache.http.impl.client.InternalHttpClient.doExecute(InternalHttpClient.java:185)
	at org.apache.http.impl.client.CloseableHttpClient.execute(CloseableHttpClient.java:83)
	at org.apache.http.impl.client.CloseableHttpClient.execute(CloseableHttpClient.java:108)
	at com.sonatype.nexus.plugins.outreach.internal.outreach.OutreachConnector.get(OutreachConnector.java:136)
	at com.sonatype.nexus.plugins.outreach.internal.outreach.SonatypeOutreach.remote(SonatypeOutreach.java:279)
	at com.sonatype.nexus.plugins.outreach.internal.outreach.SonatypeOutreach.getOutreachBundle(SonatypeOutreach.java:163)
	at com.sonatype.nexus.plugins.outreach.internal.outreach.SonatypeOutreach.getPageBundle(SonatypeOutreach.java:152)
	at com.sonatype.nexus.plugins.outreach.Outreach$getPageBundle.call(Unknown Source)
	at com.sonatype.nexus.plugins.outreach.internal.ui.OutreachComponent.readStatus(OutreachComponent.groovy:67)
	at com.sonatype.nexus.plugins.outreach.internal.ui.OutreachComponent$$EnhancerByGuice$$1727250421.GUICE$TRAMPOLINE(<generated>)
	at com.google.inject.internal.InterceptorStackCallback$InterceptedMethodInvocation.proceed(InterceptorStackCallback.java:74)
	at com.palominolabs.metrics.guice.ExceptionMeteredInterceptor.invoke(ExceptionMeteredInterceptor.java:23)
	at com.google.inject.internal.InterceptorStackCallback$InterceptedMethodInvocation.proceed(InterceptorStackCallback.java:75)
	at com.palominolabs.metrics.guice.TimedInterceptor.invoke(TimedInterceptor.java:26)
	at com.google.inject.internal.InterceptorStackCallback$InterceptedMethodInvocation.proceed(InterceptorStackCallback.java:75)
	at com.google.inject.internal.InterceptorStackCallback.invoke(InterceptorStackCallback.java:55)
	at com.sonatype.nexus.plugins.outreach.internal.ui.OutreachComponent$$EnhancerByGuice$$1727250421.readStatus(<generated>)
	at sun.reflect.NativeMethodAccessorImpl.invoke0(Native Method)
	at sun.reflect.NativeMethodAccessorImpl.invoke(NativeMethodAccessorImpl.java:62)
	at sun.reflect.DelegatingMethodAccessorImpl.invoke(DelegatingMethodAccessorImpl.java:43)
	at java.lang.reflect.Method.invoke(Method.java:498)
	at com.softwarementors.extjs.djn.router.dispatcher.DispatcherBase.invokeJavaMethod(DispatcherBase.java:142)
	at com.softwarementors.extjs.djn.router.dispatcher.DispatcherBase.invokeMethod(DispatcherBase.java:133)
	at org.sonatype.nexus.extdirect.internal.ExtDirectDispatcher.invokeMethod(ExtDirectDispatcher.java:82)
	at com.softwarementors.extjs.djn.router.dispatcher.DispatcherBase.dispatch(DispatcherBase.java:63)
	at com.softwarementors.extjs.djn.router.processor.standard.StandardRequestProcessorBase.dispatchStandardMethod(StandardRequestProcessorBase.java:73)
	at com.softwarementors.extjs.djn.router.processor.standard.json.JsonRequestProcessor.processIndividualRequest(JsonRequestProcessor.java:502)
	at com.softwarementors.extjs.djn.router.processor.standard.json.JsonRequestProcessor.processIndividualRequestsInThisThread(JsonRequestProcessor.java:150)
	at com.softwarementors.extjs.djn.router.processor.standard.json.JsonRequestProcessor.process(JsonRequestProcessor.java:133)
	at com.softwarementors.extjs.djn.router.RequestRouter.processJsonRequest(RequestRouter.java:83)
	at com.softwarementors.extjs.djn.servlet.DirectJNgineServlet.processRequest(DirectJNgineServlet.java:632)
	at com.softwarementors.extjs.djn.servlet.DirectJNgineServlet.doPost(DirectJNgineServlet.java:595)
	at org.sonatype.nexus.extdirect.internal.ExtDirectServlet.doPost(ExtDirectServlet.java:137)
	at javax.servlet.http.HttpServlet.service(HttpServlet.java:707)
	at javax.servlet.http.HttpServlet.service(HttpServlet.java:790)
	at com.google.inject.servlet.ServletDefinition.doServiceImpl(ServletDefinition.java:290)
	at com.google.inject.servlet.ServletDefinition.doService(ServletDefinition.java:280)
	at com.google.inject.servlet.ServletDefinition.service(ServletDefinition.java:184)
	at com.google.inject.servlet.DynamicServletPipeline.service(DynamicServletPipeline.java:71)
	at com.google.inject.servlet.FilterChainInvocation.doFilter(FilterChainInvocation.java:85)
	at org.apache.shiro.web.servlet.ProxiedFilterChain.doFilter(ProxiedFilterChain.java:61)
	at org.apache.shiro.web.servlet.AdviceFilter.executeChain(AdviceFilter.java:108)
	at org.apache.shiro.web.servlet.AdviceFilter.doFilterInternal(AdviceFilter.java:137)
	at org.apache.shiro.web.servlet.OncePerRequestFilter.doFilter(OncePerRequestFilter.java:154)
	at org.apache.shiro.web.servlet.ProxiedFilterChain.doFilter(ProxiedFilterChain.java:66)
	at org.apache.shiro.web.servlet.AdviceFilter.executeChain(AdviceFilter.java:108)
	at org.apache.shiro.web.servlet.AdviceFilter.doFilterInternal(AdviceFilter.java:137)
	at org.apache.shiro.web.servlet.OncePerRequestFilter.doFilter(OncePerRequestFilter.java:154)
	at org.apache.shiro.web.servlet.ProxiedFilterChain.doFilter(ProxiedFilterChain.java:66)
	at org.apache.shiro.web.servlet.AdviceFilter.executeChain(AdviceFilter.java:108)
	at org.apache.shiro.web.servlet.AdviceFilter.doFilterInternal(AdviceFilter.java:137)
	at org.apache.shiro.web.servlet.OncePerRequestFilter.doFilter(OncePerRequestFilter.java:154)
	at org.apache.shiro.web.servlet.ProxiedFilterChain.doFilter(ProxiedFilterChain.java:66)
	at org.apache.shiro.web.servlet.AbstractShiroFilter.executeChain(AbstractShiroFilter.java:458)
	at org.sonatype.nexus.security.SecurityFilter.executeChain(SecurityFilter.java:96)
	at org.apache.shiro.web.servlet.AbstractShiroFilter$1.call(AbstractShiroFilter.java:373)
	at org.apache.shiro.subject.support.SubjectCallable.doCall(SubjectCallable.java:90)
	at org.apache.shiro.subject.support.SubjectCallable.call(SubjectCallable.java:83)
	at org.apache.shiro.subject.support.DelegatingSubject.execute(DelegatingSubject.java:387)
	at org.apache.shiro.web.servlet.AbstractShiroFilter.doFilterInternal(AbstractShiroFilter.java:370)
	at org.sonatype.nexus.security.SecurityFilter.doFilterInternal(SecurityFilter.java:112)
	at org.apache.shiro.web.servlet.OncePerRequestFilter.doFilter(OncePerRequestFilter.java:154)
	at com.google.inject.servlet.FilterChainInvocation.doFilter(FilterChainInvocation.java:82)
	at com.codahale.metrics.servlet.AbstractInstrumentedFilter.doFilter(AbstractInstrumentedFilter.java:112)
	at com.google.inject.servlet.FilterChainInvocation.doFilter(FilterChainInvocation.java:82)
	at org.apache.shiro.web.servlet.ProxiedFilterChain.doFilter(ProxiedFilterChain.java:61)
	at org.apache.shiro.web.servlet.AdviceFilter.executeChain(AdviceFilter.java:108)
	at org.apache.shiro.web.servlet.AdviceFilter.doFilterInternal(AdviceFilter.java:137)
	at org.apache.shiro.web.servlet.OncePerRequestFilter.doFilter(OncePerRequestFilter.java:154)
	at org.apache.shiro.web.servlet.ProxiedFilterChain.doFilter(ProxiedFilterChain.java:66)
	at org.apache.shiro.web.servlet.AdviceFilter.executeChain(AdviceFilter.java:108)
	at org.apache.shiro.web.servlet.AdviceFilter.doFilterInternal(AdviceFilter.java:137)
	at org.apache.shiro.web.servlet.OncePerRequestFilter.doFilter(OncePerRequestFilter.java:154)
	at org.apache.shiro.web.servlet.ProxiedFilterChain.doFilter(ProxiedFilterChain.java:66)
	at org.apache.shiro.web.servlet.AdviceFilter.executeChain(AdviceFilter.java:108)
	at org.apache.shiro.web.servlet.AdviceFilter.doFilterInternal(AdviceFilter.java:137)
	at org.apache.shiro.web.servlet.OncePerRequestFilter.doFilter(OncePerRequestFilter.java:154)
	at org.apache.shiro.web.servlet.ProxiedFilterChain.doFilter(ProxiedFilterChain.java:66)
	at org.apache.shiro.web.servlet.AbstractShiroFilter.executeChain(AbstractShiroFilter.java:458)
	at org.sonatype.nexus.security.SecurityFilter.executeChain(SecurityFilter.java:96)
	at org.apache.shiro.web.servlet.AbstractShiroFilter$1.call(AbstractShiroFilter.java:373)
	at org.apache.shiro.subject.support.SubjectCallable.doCall(SubjectCallable.java:90)
	at org.apache.shiro.subject.support.SubjectCallable.call(SubjectCallable.java:83)
	at org.apache.shiro.subject.support.DelegatingSubject.execute(DelegatingSubject.java:387)
	at org.apache.shiro.web.servlet.AbstractShiroFilter.doFilterInternal(AbstractShiroFilter.java:370)
	at org.sonatype.nexus.security.SecurityFilter.doFilterInternal(SecurityFilter.java:112)
	at org.apache.shiro.web.servlet.OncePerRequestFilter.doFilter(OncePerRequestFilter.java:154)
	at com.google.inject.servlet.FilterChainInvocation.doFilter(FilterChainInvocation.java:82)
	at com.sonatype.nexus.licensing.internal.LicensingRedirectFilter.doFilter(LicensingRedirectFilter.java:116)
	at com.google.inject.servlet.FilterChainInvocation.doFilter(FilterChainInvocation.java:82)
	at com.codahale.metrics.servlet.AbstractInstrumentedFilter.doFilter(AbstractInstrumentedFilter.java:112)
	at com.google.inject.servlet.FilterChainInvocation.doFilter(FilterChainInvocation.java:82)
	at org.sonatype.nexus.internal.web.ErrorPageFilter.doFilter(ErrorPageFilter.java:79)
	at com.google.inject.servlet.FilterChainInvocation.doFilter(FilterChainInvocation.java:82)
	at org.sonatype.nexus.internal.web.EnvironmentFilter.doFilter(EnvironmentFilter.java:101)
	at com.google.inject.servlet.FilterChainInvocation.doFilter(FilterChainInvocation.java:82)
	at org.sonatype.nexus.internal.web.HeaderPatternFilter.doFilter(HeaderPatternFilter.java:98)
	at com.google.inject.servlet.FilterChainInvocation.doFilter(FilterChainInvocation.java:82)
	at com.google.inject.servlet.DynamicFilterPipeline.dispatch(DynamicFilterPipeline.java:104)
	at com.google.inject.servlet.GuiceFilter.doFilter(GuiceFilter.java:133)
	at org.sonatype.nexus.bootstrap.osgi.DelegatingFilter.doFilter(DelegatingFilter.java:73)
	at org.eclipse.jetty.servlet.FilterHolder.doFilter(FilterHolder.java:201)
	at org.eclipse.jetty.servlet.ServletHandler$Chain.doFilter(ServletHandler.java:1626)
	at org.eclipse.jetty.servlet.ServletHandler.doHandle(ServletHandler.java:552)
	at org.eclipse.jetty.server.handler.ScopedHandler.handle(ScopedHandler.java:143)
	at org.eclipse.jetty.security.SecurityHandler.handle(SecurityHandler.java:600)
	at org.eclipse.jetty.server.handler.HandlerWrapper.handle(HandlerWrapper.java:127)
	at org.eclipse.jetty.server.handler.ScopedHandler.nextHandle(ScopedHandler.java:235)
	at org.eclipse.jetty.server.session.SessionHandler.doHandle(SessionHandler.java:1624)
	at org.eclipse.jetty.server.handler.ScopedHandler.nextHandle(ScopedHandler.java:233)
	at org.eclipse.jetty.server.handler.ContextHandler.doHandle(ContextHandler.java:1440)
	at org.eclipse.jetty.server.handler.ScopedHandler.nextScope(ScopedHandler.java:188)
	at org.eclipse.jetty.servlet.ServletHandler.doScope(ServletHandler.java:505)
	at org.eclipse.jetty.server.session.SessionHandler.doScope(SessionHandler.java:1594)
	at org.eclipse.jetty.server.handler.ScopedHandler.nextScope(ScopedHandler.java:186)
	at org.eclipse.jetty.server.handler.ContextHandler.doScope(ContextHandler.java:1355)
	at org.eclipse.jetty.server.handler.ScopedHandler.handle(ScopedHandler.java:141)
	at org.eclipse.jetty.server.handler.HandlerWrapper.handle(HandlerWrapper.java:127)
	at com.codahale.metrics.jetty9.InstrumentedHandler.handle(InstrumentedHandler.java:239)
	at org.eclipse.jetty.server.handler.HandlerCollection.handle(HandlerCollection.java:146)
	at org.eclipse.jetty.server.handler.HandlerWrapper.handle(HandlerWrapper.java:127)
	at org.eclipse.jetty.server.Server.handle(Server.java:516)
	at org.eclipse.jetty.server.HttpChannel.lambda$handle$1(HttpChannel.java:487)
	at org.eclipse.jetty.server.HttpChannel.dispatch(HttpChannel.java:732)
	at org.eclipse.jetty.server.HttpChannel.handle(HttpChannel.java:479)
	at org.eclipse.jetty.server.HttpConnection.onFillable(HttpConnection.java:277)
	at org.eclipse.jetty.io.AbstractConnection$ReadCallback.succeeded(AbstractConnection.java:311)
	at org.eclipse.jetty.io.FillInterest.fillable(FillInterest.java:105)
	at org.eclipse.jetty.io.ChannelEndPoint$1.run(ChannelEndPoint.java:104)
	at org.eclipse.jetty.util.thread.strategy.EatWhatYouKill.runTask(EatWhatYouKill.java:338)
	at org.eclipse.jetty.util.thread.strategy.EatWhatYouKill.doProduce(EatWhatYouKill.java:315)
	at org.eclipse.jetty.util.thread.strategy.EatWhatYouKill.tryProduce(EatWhatYouKill.java:173)
	at org.eclipse.jetty.util.thread.strategy.EatWhatYouKill.run(EatWhatYouKill.java:131)
	at org.eclipse.jetty.util.thread.ReservedThreadExecutor$ReservedThread.run(ReservedThreadExecutor.java:409)
	at org.eclipse.jetty.util.thread.QueuedThreadPool.runJob(QueuedThreadPool.java:883)
	at org.eclipse.jetty.util.thread.QueuedThreadPool$Runner.run(QueuedThreadPool.java:1034)
	at java.lang.Thread.run(Thread.java:750)
Caused by: java.net.SocketTimeoutException: connect timed out
	at java.net.PlainSocketImpl.socketConnect(Native Method)
	at java.net.AbstractPlainSocketImpl.doConnect(AbstractPlainSocketImpl.java:350)
	at java.net.AbstractPlainSocketImpl.connectToAddress(AbstractPlainSocketImpl.java:206)
	at java.net.AbstractPlainSocketImpl.connect(AbstractPlainSocketImpl.java:188)
	at java.net.SocksSocketImpl.connect(SocksSocketImpl.java:392)
	at java.net.Socket.connect(Socket.java:607)
	at org.apache.http.conn.ssl.SSLConnectionSocketFactory.connectSocket(SSLConnectionSocketFactory.java:368)
	at org.sonatype.nexus.internal.httpclient.NexusSSLConnectionSocketFactory.connectSocket(NexusSSLConnectionSocketFactory.java:89)
	at org.apache.http.impl.conn.DefaultHttpClientConnectionOperator.connect(DefaultHttpClientConnectionOperator.java:142)
	... 143 common frames omitted
2022-12-07 09:12:25,237+0800 INFO  [qtp1909565284-561]  admin org.sonatype.nexus.repository.maven.internal.orient.MavenHostedComponentMaintenanceFacet - Deleting asset: Asset{metadata=AttachedEntityMetadata{schema=asset, document=asset#76:0{bucket:#61:0,format:maven2,last_updated:Wed Dec 07 09:03:03 CST 2022,attributes:[4],component:#65:0,name:zxf/example/zxf-maven-release-jar/1.0-SNAPSHOT/zxf-maven-release-jar-1.0-20221207.010302-1.jar.md5,size:32,content_type:text/plain,created_by:admin,created_by_ip:172.21.0.1,blob_ref:default@07D26D0A-B93AE24A-95B79C64-9AC48EE8-4785F48D:c77f64a9-265e-49aa-81fd-7b553e123af5,last_downloaded:null,blob_created:Wed Dec 07 09:03:03 CST 2022,blob_updated:Wed Dec 07 09:03:03 CST 2022} v1}, name=zxf/example/zxf-maven-release-jar/1.0-SNAPSHOT/zxf-maven-release-jar-1.0-20221207.010302-1.jar.md5}
2022-12-07 09:12:29,678+0800 INFO  [qtp1909565284-558]  admin org.sonatype.nexus.repository.maven.internal.orient.MavenHostedComponentMaintenanceFacet - Deleting asset: Asset{metadata=AttachedEntityMetadata{schema=asset, document=asset#75:0{bucket:#61:0,format:maven2,last_updated:Wed Dec 07 09:03:03 CST 2022,attributes:[4],component:#65:0,name:zxf/example/zxf-maven-release-jar/1.0-SNAPSHOT/zxf-maven-release-jar-1.0-20221207.010302-1.jar.sha1,size:40,content_type:text/plain,created_by:admin,created_by_ip:172.21.0.1,blob_ref:default@07D26D0A-B93AE24A-95B79C64-9AC48EE8-4785F48D:350c4f2a-9f64-4105-a988-a32be60d60bc,last_downloaded:null,blob_created:Wed Dec 07 09:03:03 CST 2022,blob_updated:Wed Dec 07 09:03:03 CST 2022} v1}, name=zxf/example/zxf-maven-release-jar/1.0-SNAPSHOT/zxf-maven-release-jar-1.0-20221207.010302-1.jar.sha1}
2022-12-07 09:12:33,168+0800 INFO  [qtp1909565284-561]  admin org.sonatype.nexus.repository.maven.internal.orient.MavenHostedComponentMaintenanceFacet - Deleting asset: Asset{metadata=AttachedEntityMetadata{schema=asset, document=asset#77:0{bucket:#61:0,format:maven2,last_updated:Wed Dec 07 09:03:03 CST 2022,attributes:[4],component:#65:0,name:zxf/example/zxf-maven-release-jar/1.0-SNAPSHOT/zxf-maven-release-jar-1.0-20221207.010302-1.pom,size:1708,content_type:application/xml,created_by:admin,created_by_ip:172.21.0.1,blob_ref:default@07D26D0A-B93AE24A-95B79C64-9AC48EE8-4785F48D:bbf10a0f-b620-4916-8a9d-75bf2ffdcdef,last_downloaded:null,blob_created:Wed Dec 07 09:03:03 CST 2022,blob_updated:Wed Dec 07 09:03:03 CST 2022} v1}, name=zxf/example/zxf-maven-release-jar/1.0-SNAPSHOT/zxf-maven-release-jar-1.0-20221207.010302-1.pom}
2022-12-07 09:12:37,437+0800 INFO  [qtp1909565284-558]  admin org.sonatype.nexus.repository.maven.internal.orient.MavenHostedComponentMaintenanceFacet - Deleting asset: Asset{metadata=AttachedEntityMetadata{schema=asset, document=asset#79:0{bucket:#61:0,format:maven2,last_updated:Wed Dec 07 09:03:03 CST 2022,attributes:[4],component:#65:0,name:zxf/example/zxf-maven-release-jar/1.0-SNAPSHOT/zxf-maven-release-jar-1.0-20221207.010302-1.pom.md5,size:32,content_type:text/plain,created_by:admin,created_by_ip:172.21.0.1,blob_ref:default@07D26D0A-B93AE24A-95B79C64-9AC48EE8-4785F48D:678e252e-bde9-49bc-b3d3-b5a945ab7c82,last_downloaded:null,blob_created:Wed Dec 07 09:03:03 CST 2022,blob_updated:Wed Dec 07 09:03:03 CST 2022} v1}, name=zxf/example/zxf-maven-release-jar/1.0-SNAPSHOT/zxf-maven-release-jar-1.0-20221207.010302-1.pom.md5}
2022-12-07 09:12:42,248+0800 WARN  [qtp1909565284-117]  admin com.sonatype.nexus.plugins.outreach.internal.outreach.SonatypeOutreach - Could not download page bundle
org.apache.http.conn.ConnectTimeoutException: Connect to sonatype-download.global.ssl.fastly.net:443 [sonatype-download.global.ssl.fastly.net/31.13.85.2] failed: connect timed out
	at org.apache.http.impl.conn.DefaultHttpClientConnectionOperator.connect(DefaultHttpClientConnectionOperator.java:151)
	at org.apache.http.impl.conn.PoolingHttpClientConnectionManager.connect(PoolingHttpClientConnectionManager.java:376)
	at org.apache.http.impl.execchain.MainClientExec.establishRoute(MainClientExec.java:393)
	at org.apache.http.impl.execchain.MainClientExec.execute(MainClientExec.java:236)
	at org.apache.http.impl.execchain.ProtocolExec.execute(ProtocolExec.java:186)
	at org.apache.http.impl.execchain.RetryExec.execute(RetryExec.java:89)
	at org.apache.http.impl.execchain.RedirectExec.execute(RedirectExec.java:110)
	at org.apache.http.impl.client.InternalHttpClient.doExecute(InternalHttpClient.java:185)
	at org.apache.http.impl.client.CloseableHttpClient.execute(CloseableHttpClient.java:83)
	at org.apache.http.impl.client.CloseableHttpClient.execute(CloseableHttpClient.java:108)
	at com.sonatype.nexus.plugins.outreach.internal.outreach.OutreachConnector.get(OutreachConnector.java:136)
	at com.sonatype.nexus.plugins.outreach.internal.outreach.SonatypeOutreach.remote(SonatypeOutreach.java:279)
	at com.sonatype.nexus.plugins.outreach.internal.outreach.SonatypeOutreach.getOutreachBundle(SonatypeOutreach.java:163)
	at com.sonatype.nexus.plugins.outreach.internal.outreach.SonatypeOutreach.getPageBundle(SonatypeOutreach.java:152)
	at com.sonatype.nexus.plugins.outreach.Outreach$getPageBundle.call(Unknown Source)
	at com.sonatype.nexus.plugins.outreach.internal.ui.OutreachComponent.readStatus(OutreachComponent.groovy:67)
	at com.sonatype.nexus.plugins.outreach.internal.ui.OutreachComponent$$EnhancerByGuice$$1727250421.GUICE$TRAMPOLINE(<generated>)
	at com.google.inject.internal.InterceptorStackCallback$InterceptedMethodInvocation.proceed(InterceptorStackCallback.java:74)
	at com.palominolabs.metrics.guice.ExceptionMeteredInterceptor.invoke(ExceptionMeteredInterceptor.java:23)
	at com.google.inject.internal.InterceptorStackCallback$InterceptedMethodInvocation.proceed(InterceptorStackCallback.java:75)
	at com.palominolabs.metrics.guice.TimedInterceptor.invoke(TimedInterceptor.java:26)
	at com.google.inject.internal.InterceptorStackCallback$InterceptedMethodInvocation.proceed(InterceptorStackCallback.java:75)
	at com.google.inject.internal.InterceptorStackCallback.invoke(InterceptorStackCallback.java:55)
	at com.sonatype.nexus.plugins.outreach.internal.ui.OutreachComponent$$EnhancerByGuice$$1727250421.readStatus(<generated>)
	at sun.reflect.NativeMethodAccessorImpl.invoke0(Native Method)
	at sun.reflect.NativeMethodAccessorImpl.invoke(NativeMethodAccessorImpl.java:62)
	at sun.reflect.DelegatingMethodAccessorImpl.invoke(DelegatingMethodAccessorImpl.java:43)
	at java.lang.reflect.Method.invoke(Method.java:498)
	at com.softwarementors.extjs.djn.router.dispatcher.DispatcherBase.invokeJavaMethod(DispatcherBase.java:142)
	at com.softwarementors.extjs.djn.router.dispatcher.DispatcherBase.invokeMethod(DispatcherBase.java:133)
	at org.sonatype.nexus.extdirect.internal.ExtDirectDispatcher.invokeMethod(ExtDirectDispatcher.java:82)
	at com.softwarementors.extjs.djn.router.dispatcher.DispatcherBase.dispatch(DispatcherBase.java:63)
	at com.softwarementors.extjs.djn.router.processor.standard.StandardRequestProcessorBase.dispatchStandardMethod(StandardRequestProcessorBase.java:73)
	at com.softwarementors.extjs.djn.router.processor.standard.json.JsonRequestProcessor.processIndividualRequest(JsonRequestProcessor.java:502)
	at com.softwarementors.extjs.djn.router.processor.standard.json.JsonRequestProcessor.processIndividualRequestsInThisThread(JsonRequestProcessor.java:150)
	at com.softwarementors.extjs.djn.router.processor.standard.json.JsonRequestProcessor.process(JsonRequestProcessor.java:133)
	at com.softwarementors.extjs.djn.router.RequestRouter.processJsonRequest(RequestRouter.java:83)
	at com.softwarementors.extjs.djn.servlet.DirectJNgineServlet.processRequest(DirectJNgineServlet.java:632)
	at com.softwarementors.extjs.djn.servlet.DirectJNgineServlet.doPost(DirectJNgineServlet.java:595)
	at org.sonatype.nexus.extdirect.internal.ExtDirectServlet.doPost(ExtDirectServlet.java:137)
	at javax.servlet.http.HttpServlet.service(HttpServlet.java:707)
	at javax.servlet.http.HttpServlet.service(HttpServlet.java:790)
	at com.google.inject.servlet.ServletDefinition.doServiceImpl(ServletDefinition.java:290)
	at com.google.inject.servlet.ServletDefinition.doService(ServletDefinition.java:280)
	at com.google.inject.servlet.ServletDefinition.service(ServletDefinition.java:184)
	at com.google.inject.servlet.DynamicServletPipeline.service(DynamicServletPipeline.java:71)
	at com.google.inject.servlet.FilterChainInvocation.doFilter(FilterChainInvocation.java:85)
	at org.apache.shiro.web.servlet.ProxiedFilterChain.doFilter(ProxiedFilterChain.java:61)
	at org.apache.shiro.web.servlet.AdviceFilter.executeChain(AdviceFilter.java:108)
	at org.apache.shiro.web.servlet.AdviceFilter.doFilterInternal(AdviceFilter.java:137)
	at org.apache.shiro.web.servlet.OncePerRequestFilter.doFilter(OncePerRequestFilter.java:154)
	at org.apache.shiro.web.servlet.ProxiedFilterChain.doFilter(ProxiedFilterChain.java:66)
	at org.apache.shiro.web.servlet.AdviceFilter.executeChain(AdviceFilter.java:108)
	at org.apache.shiro.web.servlet.AdviceFilter.doFilterInternal(AdviceFilter.java:137)
	at org.apache.shiro.web.servlet.OncePerRequestFilter.doFilter(OncePerRequestFilter.java:154)
	at org.apache.shiro.web.servlet.ProxiedFilterChain.doFilter(ProxiedFilterChain.java:66)
	at org.apache.shiro.web.servlet.AdviceFilter.executeChain(AdviceFilter.java:108)
	at org.apache.shiro.web.servlet.AdviceFilter.doFilterInternal(AdviceFilter.java:137)
	at org.apache.shiro.web.servlet.OncePerRequestFilter.doFilter(OncePerRequestFilter.java:154)
	at org.apache.shiro.web.servlet.ProxiedFilterChain.doFilter(ProxiedFilterChain.java:66)
	at org.apache.shiro.web.servlet.AbstractShiroFilter.executeChain(AbstractShiroFilter.java:458)
	at org.sonatype.nexus.security.SecurityFilter.executeChain(SecurityFilter.java:96)
	at org.apache.shiro.web.servlet.AbstractShiroFilter$1.call(AbstractShiroFilter.java:373)
	at org.apache.shiro.subject.support.SubjectCallable.doCall(SubjectCallable.java:90)
	at org.apache.shiro.subject.support.SubjectCallable.call(SubjectCallable.java:83)
	at org.apache.shiro.subject.support.DelegatingSubject.execute(DelegatingSubject.java:387)
	at org.apache.shiro.web.servlet.AbstractShiroFilter.doFilterInternal(AbstractShiroFilter.java:370)
	at org.sonatype.nexus.security.SecurityFilter.doFilterInternal(SecurityFilter.java:112)
	at org.apache.shiro.web.servlet.OncePerRequestFilter.doFilter(OncePerRequestFilter.java:154)
	at com.google.inject.servlet.FilterChainInvocation.doFilter(FilterChainInvocation.java:82)
	at com.codahale.metrics.servlet.AbstractInstrumentedFilter.doFilter(AbstractInstrumentedFilter.java:112)
	at com.google.inject.servlet.FilterChainInvocation.doFilter(FilterChainInvocation.java:82)
	at org.apache.shiro.web.servlet.ProxiedFilterChain.doFilter(ProxiedFilterChain.java:61)
	at org.apache.shiro.web.servlet.AdviceFilter.executeChain(AdviceFilter.java:108)
	at org.apache.shiro.web.servlet.AdviceFilter.doFilterInternal(AdviceFilter.java:137)
	at org.apache.shiro.web.servlet.OncePerRequestFilter.doFilter(OncePerRequestFilter.java:154)
	at org.apache.shiro.web.servlet.ProxiedFilterChain.doFilter(ProxiedFilterChain.java:66)
	at org.apache.shiro.web.servlet.AdviceFilter.executeChain(AdviceFilter.java:108)
	at org.apache.shiro.web.servlet.AdviceFilter.doFilterInternal(AdviceFilter.java:137)
	at org.apache.shiro.web.servlet.OncePerRequestFilter.doFilter(OncePerRequestFilter.java:154)
	at org.apache.shiro.web.servlet.ProxiedFilterChain.doFilter(ProxiedFilterChain.java:66)
	at org.apache.shiro.web.servlet.AdviceFilter.executeChain(AdviceFilter.java:108)
	at org.apache.shiro.web.servlet.AdviceFilter.doFilterInternal(AdviceFilter.java:137)
	at org.apache.shiro.web.servlet.OncePerRequestFilter.doFilter(OncePerRequestFilter.java:154)
	at org.apache.shiro.web.servlet.ProxiedFilterChain.doFilter(ProxiedFilterChain.java:66)
	at org.apache.shiro.web.servlet.AbstractShiroFilter.executeChain(AbstractShiroFilter.java:458)
	at org.sonatype.nexus.security.SecurityFilter.executeChain(SecurityFilter.java:96)
	at org.apache.shiro.web.servlet.AbstractShiroFilter$1.call(AbstractShiroFilter.java:373)
	at org.apache.shiro.subject.support.SubjectCallable.doCall(SubjectCallable.java:90)
	at org.apache.shiro.subject.support.SubjectCallable.call(SubjectCallable.java:83)
	at org.apache.shiro.subject.support.DelegatingSubject.execute(DelegatingSubject.java:387)
	at org.apache.shiro.web.servlet.AbstractShiroFilter.doFilterInternal(AbstractShiroFilter.java:370)
	at org.sonatype.nexus.security.SecurityFilter.doFilterInternal(SecurityFilter.java:112)
	at org.apache.shiro.web.servlet.OncePerRequestFilter.doFilter(OncePerRequestFilter.java:154)
	at com.google.inject.servlet.FilterChainInvocation.doFilter(FilterChainInvocation.java:82)
	at com.sonatype.nexus.licensing.internal.LicensingRedirectFilter.doFilter(LicensingRedirectFilter.java:116)
	at com.google.inject.servlet.FilterChainInvocation.doFilter(FilterChainInvocation.java:82)
	at com.codahale.metrics.servlet.AbstractInstrumentedFilter.doFilter(AbstractInstrumentedFilter.java:112)
	at com.google.inject.servlet.FilterChainInvocation.doFilter(FilterChainInvocation.java:82)
	at org.sonatype.nexus.internal.web.ErrorPageFilter.doFilter(ErrorPageFilter.java:79)
	at com.google.inject.servlet.FilterChainInvocation.doFilter(FilterChainInvocation.java:82)
	at org.sonatype.nexus.internal.web.EnvironmentFilter.doFilter(EnvironmentFilter.java:101)
	at com.google.inject.servlet.FilterChainInvocation.doFilter(FilterChainInvocation.java:82)
	at org.sonatype.nexus.internal.web.HeaderPatternFilter.doFilter(HeaderPatternFilter.java:98)
	at com.google.inject.servlet.FilterChainInvocation.doFilter(FilterChainInvocation.java:82)
	at com.google.inject.servlet.DynamicFilterPipeline.dispatch(DynamicFilterPipeline.java:104)
	at com.google.inject.servlet.GuiceFilter.doFilter(GuiceFilter.java:133)
	at org.sonatype.nexus.bootstrap.osgi.DelegatingFilter.doFilter(DelegatingFilter.java:73)
	at org.eclipse.jetty.servlet.FilterHolder.doFilter(FilterHolder.java:201)
	at org.eclipse.jetty.servlet.ServletHandler$Chain.doFilter(ServletHandler.java:1626)
	at org.eclipse.jetty.servlet.ServletHandler.doHandle(ServletHandler.java:552)
	at org.eclipse.jetty.server.handler.ScopedHandler.handle(ScopedHandler.java:143)
	at org.eclipse.jetty.security.SecurityHandler.handle(SecurityHandler.java:600)
	at org.eclipse.jetty.server.handler.HandlerWrapper.handle(HandlerWrapper.java:127)
	at org.eclipse.jetty.server.handler.ScopedHandler.nextHandle(ScopedHandler.java:235)
	at org.eclipse.jetty.server.session.SessionHandler.doHandle(SessionHandler.java:1624)
	at org.eclipse.jetty.server.handler.ScopedHandler.nextHandle(ScopedHandler.java:233)
	at org.eclipse.jetty.server.handler.ContextHandler.doHandle(ContextHandler.java:1440)
	at org.eclipse.jetty.server.handler.ScopedHandler.nextScope(ScopedHandler.java:188)
	at org.eclipse.jetty.servlet.ServletHandler.doScope(ServletHandler.java:505)
	at org.eclipse.jetty.server.session.SessionHandler.doScope(SessionHandler.java:1594)
	at org.eclipse.jetty.server.handler.ScopedHandler.nextScope(ScopedHandler.java:186)
	at org.eclipse.jetty.server.handler.ContextHandler.doScope(ContextHandler.java:1355)
	at org.eclipse.jetty.server.handler.ScopedHandler.handle(ScopedHandler.java:141)
	at org.eclipse.jetty.server.handler.HandlerWrapper.handle(HandlerWrapper.java:127)
	at com.codahale.metrics.jetty9.InstrumentedHandler.handle(InstrumentedHandler.java:239)
	at org.eclipse.jetty.server.handler.HandlerCollection.handle(HandlerCollection.java:146)
	at org.eclipse.jetty.server.handler.HandlerWrapper.handle(HandlerWrapper.java:127)
	at org.eclipse.jetty.server.Server.handle(Server.java:516)
	at org.eclipse.jetty.server.HttpChannel.lambda$handle$1(HttpChannel.java:487)
	at org.eclipse.jetty.server.HttpChannel.dispatch(HttpChannel.java:732)
	at org.eclipse.jetty.server.HttpChannel.handle(HttpChannel.java:479)
	at org.eclipse.jetty.server.HttpConnection.onFillable(HttpConnection.java:277)
	at org.eclipse.jetty.io.AbstractConnection$ReadCallback.succeeded(AbstractConnection.java:311)
	at org.eclipse.jetty.io.FillInterest.fillable(FillInterest.java:105)
	at org.eclipse.jetty.io.ChannelEndPoint$1.run(ChannelEndPoint.java:104)
	at org.eclipse.jetty.util.thread.strategy.EatWhatYouKill.runTask(EatWhatYouKill.java:338)
	at org.eclipse.jetty.util.thread.strategy.EatWhatYouKill.doProduce(EatWhatYouKill.java:315)
	at org.eclipse.jetty.util.thread.strategy.EatWhatYouKill.tryProduce(EatWhatYouKill.java:173)
	at org.eclipse.jetty.util.thread.strategy.EatWhatYouKill.run(EatWhatYouKill.java:131)
	at org.eclipse.jetty.util.thread.ReservedThreadExecutor$ReservedThread.run(ReservedThreadExecutor.java:409)
	at org.eclipse.jetty.util.thread.QueuedThreadPool.runJob(QueuedThreadPool.java:883)
	at org.eclipse.jetty.util.thread.QueuedThreadPool$Runner.run(QueuedThreadPool.java:1034)
	at java.lang.Thread.run(Thread.java:750)
Caused by: java.net.SocketTimeoutException: connect timed out
	at java.net.PlainSocketImpl.socketConnect(Native Method)
	at java.net.AbstractPlainSocketImpl.doConnect(AbstractPlainSocketImpl.java:350)
	at java.net.AbstractPlainSocketImpl.connectToAddress(AbstractPlainSocketImpl.java:206)
	at java.net.AbstractPlainSocketImpl.connect(AbstractPlainSocketImpl.java:188)
	at java.net.SocksSocketImpl.connect(SocksSocketImpl.java:392)
	at java.net.Socket.connect(Socket.java:607)
	at org.apache.http.conn.ssl.SSLConnectionSocketFactory.connectSocket(SSLConnectionSocketFactory.java:368)
	at org.sonatype.nexus.internal.httpclient.NexusSSLConnectionSocketFactory.connectSocket(NexusSSLConnectionSocketFactory.java:89)
	at org.apache.http.impl.conn.DefaultHttpClientConnectionOperator.connect(DefaultHttpClientConnectionOperator.java:142)
	... 143 common frames omitted
2022-12-07 09:12:44,208+0800 INFO  [qtp1909565284-917]  admin org.sonatype.nexus.repository.maven.internal.orient.MavenHostedComponentMaintenanceFacet - Deleting asset: Asset{metadata=AttachedEntityMetadata{schema=asset, document=asset#78:0{bucket:#61:0,format:maven2,last_updated:Wed Dec 07 09:03:03 CST 2022,attributes:[4],component:#65:0,name:zxf/example/zxf-maven-release-jar/1.0-SNAPSHOT/zxf-maven-release-jar-1.0-20221207.010302-1.pom.sha1,size:40,content_type:text/plain,created_by:admin,created_by_ip:172.21.0.1,blob_ref:default@07D26D0A-B93AE24A-95B79C64-9AC48EE8-4785F48D:46692ec3-6087-4c46-9b83-8bec93dd7513,last_downloaded:null,blob_created:Wed Dec 07 09:03:03 CST 2022,blob_updated:Wed Dec 07 09:03:03 CST 2022} v1}, name=zxf/example/zxf-maven-release-jar/1.0-SNAPSHOT/zxf-maven-release-jar-1.0-20221207.010302-1.pom.sha1}
2022-12-07 09:17:07,356+0800 INFO  [elasticsearch[07D26D0A-B93AE24A-95B79C64-9AC48EE8-4785F48D][clusterService#updateTask][T#1]]  *SYSTEM org.elasticsearch.cluster.metadata - [07D26D0A-B93AE24A-95B79C64-9AC48EE8-4785F48D] [3d781e8165513bfe7db3d7eaab3991b9ebec763b] update_mapping [component]
2022-12-07 09:17:07,444+0800 INFO  [elasticsearch[07D26D0A-B93AE24A-95B79C64-9AC48EE8-4785F48D][clusterService#updateTask][T#1]]  *SYSTEM org.elasticsearch.cluster.metadata - [07D26D0A-B93AE24A-95B79C64-9AC48EE8-4785F48D] [3d781e8165513bfe7db3d7eaab3991b9ebec763b] update_mapping [component]
2022-12-07 09:20:00,018+0800 INFO  [quartz-10-thread-13]  *SYSTEM org.sonatype.nexus.quartz.internal.task.QuartzTaskInfo - Task 'Storage facet cleanup' [repository.storage-facet-cleanup] state change WAITING -> RUNNING
2022-12-07 09:20:00,031+0800 INFO  [quartz-10-thread-13]  *SYSTEM org.sonatype.nexus.quartz.internal.task.QuartzTaskInfo - Task 'Storage facet cleanup' [repository.storage-facet-cleanup] state change RUNNING -> WAITING (OK)
2022-12-07 09:30:00,012+0800 INFO  [quartz-10-thread-14]  *SYSTEM org.sonatype.nexus.quartz.internal.task.QuartzTaskInfo - Task 'Storage facet cleanup' [repository.storage-facet-cleanup] state change WAITING -> RUNNING
2022-12-07 09:30:00,019+0800 INFO  [quartz-10-thread-14]  *SYSTEM org.sonatype.nexus.quartz.internal.task.QuartzTaskInfo - Task 'Storage facet cleanup' [repository.storage-facet-cleanup] state change RUNNING -> WAITING (OK)
2022-12-07 09:40:00,011+0800 INFO  [quartz-10-thread-15]  *SYSTEM org.sonatype.nexus.quartz.internal.task.QuartzTaskInfo - Task 'Storage facet cleanup' [repository.storage-facet-cleanup] state change WAITING -> RUNNING
2022-12-07 09:40:00,017+0800 INFO  [quartz-10-thread-15]  *SYSTEM org.sonatype.nexus.quartz.internal.task.QuartzTaskInfo - Task 'Storage facet cleanup' [repository.storage-facet-cleanup] state change RUNNING -> WAITING (OK)
2022-12-07 09:50:00,016+0800 INFO  [quartz-10-thread-16]  *SYSTEM org.sonatype.nexus.quartz.internal.task.QuartzTaskInfo - Task 'Storage facet cleanup' [repository.storage-facet-cleanup] state change WAITING -> RUNNING
2022-12-07 09:50:00,028+0800 INFO  [quartz-10-thread-16]  *SYSTEM org.sonatype.nexus.quartz.internal.task.QuartzTaskInfo - Task 'Storage facet cleanup' [repository.storage-facet-cleanup] state change RUNNING -> WAITING (OK)
2022-12-07 09:54:49,877+0800 WARN  [qtp1909565284-121]  admin com.sonatype.nexus.plugins.outreach.internal.outreach.SonatypeOutreach - Could not download page bundle
org.apache.http.conn.ConnectTimeoutException: Connect to sonatype-download.global.ssl.fastly.net:443 [sonatype-download.global.ssl.fastly.net/128.242.240.85] failed: connect timed out
	at org.apache.http.impl.conn.DefaultHttpClientConnectionOperator.connect(DefaultHttpClientConnectionOperator.java:151)
	at org.apache.http.impl.conn.PoolingHttpClientConnectionManager.connect(PoolingHttpClientConnectionManager.java:376)
	at org.apache.http.impl.execchain.MainClientExec.establishRoute(MainClientExec.java:393)
	at org.apache.http.impl.execchain.MainClientExec.execute(MainClientExec.java:236)
	at org.apache.http.impl.execchain.ProtocolExec.execute(ProtocolExec.java:186)
	at org.apache.http.impl.execchain.RetryExec.execute(RetryExec.java:89)
	at org.apache.http.impl.execchain.RedirectExec.execute(RedirectExec.java:110)
	at org.apache.http.impl.client.InternalHttpClient.doExecute(InternalHttpClient.java:185)
	at org.apache.http.impl.client.CloseableHttpClient.execute(CloseableHttpClient.java:83)
	at org.apache.http.impl.client.CloseableHttpClient.execute(CloseableHttpClient.java:108)
	at com.sonatype.nexus.plugins.outreach.internal.outreach.OutreachConnector.get(OutreachConnector.java:136)
	at com.sonatype.nexus.plugins.outreach.internal.outreach.SonatypeOutreach.remote(SonatypeOutreach.java:279)
	at com.sonatype.nexus.plugins.outreach.internal.outreach.SonatypeOutreach.getOutreachBundle(SonatypeOutreach.java:163)
	at com.sonatype.nexus.plugins.outreach.internal.outreach.SonatypeOutreach.getPageBundle(SonatypeOutreach.java:152)
	at com.sonatype.nexus.plugins.outreach.Outreach$getPageBundle.call(Unknown Source)
	at com.sonatype.nexus.plugins.outreach.internal.ui.OutreachComponent.readStatus(OutreachComponent.groovy:67)
	at com.sonatype.nexus.plugins.outreach.internal.ui.OutreachComponent$$EnhancerByGuice$$1727250421.GUICE$TRAMPOLINE(<generated>)
	at com.google.inject.internal.InterceptorStackCallback$InterceptedMethodInvocation.proceed(InterceptorStackCallback.java:74)
	at com.palominolabs.metrics.guice.ExceptionMeteredInterceptor.invoke(ExceptionMeteredInterceptor.java:23)
	at com.google.inject.internal.InterceptorStackCallback$InterceptedMethodInvocation.proceed(InterceptorStackCallback.java:75)
	at com.palominolabs.metrics.guice.TimedInterceptor.invoke(TimedInterceptor.java:26)
	at com.google.inject.internal.InterceptorStackCallback$InterceptedMethodInvocation.proceed(InterceptorStackCallback.java:75)
	at com.google.inject.internal.InterceptorStackCallback.invoke(InterceptorStackCallback.java:55)
	at com.sonatype.nexus.plugins.outreach.internal.ui.OutreachComponent$$EnhancerByGuice$$1727250421.readStatus(<generated>)
	at sun.reflect.NativeMethodAccessorImpl.invoke0(Native Method)
	at sun.reflect.NativeMethodAccessorImpl.invoke(NativeMethodAccessorImpl.java:62)
	at sun.reflect.DelegatingMethodAccessorImpl.invoke(DelegatingMethodAccessorImpl.java:43)
	at java.lang.reflect.Method.invoke(Method.java:498)
	at com.softwarementors.extjs.djn.router.dispatcher.DispatcherBase.invokeJavaMethod(DispatcherBase.java:142)
	at com.softwarementors.extjs.djn.router.dispatcher.DispatcherBase.invokeMethod(DispatcherBase.java:133)
	at org.sonatype.nexus.extdirect.internal.ExtDirectDispatcher.invokeMethod(ExtDirectDispatcher.java:82)
	at com.softwarementors.extjs.djn.router.dispatcher.DispatcherBase.dispatch(DispatcherBase.java:63)
	at com.softwarementors.extjs.djn.router.processor.standard.StandardRequestProcessorBase.dispatchStandardMethod(StandardRequestProcessorBase.java:73)
	at com.softwarementors.extjs.djn.router.processor.standard.json.JsonRequestProcessor.processIndividualRequest(JsonRequestProcessor.java:502)
	at com.softwarementors.extjs.djn.router.processor.standard.json.JsonRequestProcessor.processIndividualRequestsInThisThread(JsonRequestProcessor.java:150)
	at com.softwarementors.extjs.djn.router.processor.standard.json.JsonRequestProcessor.process(JsonRequestProcessor.java:133)
	at com.softwarementors.extjs.djn.router.RequestRouter.processJsonRequest(RequestRouter.java:83)
	at com.softwarementors.extjs.djn.servlet.DirectJNgineServlet.processRequest(DirectJNgineServlet.java:632)
	at com.softwarementors.extjs.djn.servlet.DirectJNgineServlet.doPost(DirectJNgineServlet.java:595)
	at org.sonatype.nexus.extdirect.internal.ExtDirectServlet.doPost(ExtDirectServlet.java:137)
	at javax.servlet.http.HttpServlet.service(HttpServlet.java:707)
	at javax.servlet.http.HttpServlet.service(HttpServlet.java:790)
	at com.google.inject.servlet.ServletDefinition.doServiceImpl(ServletDefinition.java:290)
	at com.google.inject.servlet.ServletDefinition.doService(ServletDefinition.java:280)
	at com.google.inject.servlet.ServletDefinition.service(ServletDefinition.java:184)
	at com.google.inject.servlet.DynamicServletPipeline.service(DynamicServletPipeline.java:71)
	at com.google.inject.servlet.FilterChainInvocation.doFilter(FilterChainInvocation.java:85)
	at org.apache.shiro.web.servlet.ProxiedFilterChain.doFilter(ProxiedFilterChain.java:61)
	at org.apache.shiro.web.servlet.AdviceFilter.executeChain(AdviceFilter.java:108)
	at org.apache.shiro.web.servlet.AdviceFilter.doFilterInternal(AdviceFilter.java:137)
	at org.apache.shiro.web.servlet.OncePerRequestFilter.doFilter(OncePerRequestFilter.java:154)
	at org.apache.shiro.web.servlet.ProxiedFilterChain.doFilter(ProxiedFilterChain.java:66)
	at org.apache.shiro.web.servlet.AdviceFilter.executeChain(AdviceFilter.java:108)
	at org.apache.shiro.web.servlet.AdviceFilter.doFilterInternal(AdviceFilter.java:137)
	at org.apache.shiro.web.servlet.OncePerRequestFilter.doFilter(OncePerRequestFilter.java:154)
	at org.apache.shiro.web.servlet.ProxiedFilterChain.doFilter(ProxiedFilterChain.java:66)
	at org.apache.shiro.web.servlet.AdviceFilter.executeChain(AdviceFilter.java:108)
	at org.apache.shiro.web.servlet.AdviceFilter.doFilterInternal(AdviceFilter.java:137)
	at org.apache.shiro.web.servlet.OncePerRequestFilter.doFilter(OncePerRequestFilter.java:154)
	at org.apache.shiro.web.servlet.ProxiedFilterChain.doFilter(ProxiedFilterChain.java:66)
	at org.apache.shiro.web.servlet.AbstractShiroFilter.executeChain(AbstractShiroFilter.java:458)
	at org.sonatype.nexus.security.SecurityFilter.executeChain(SecurityFilter.java:96)
	at org.apache.shiro.web.servlet.AbstractShiroFilter$1.call(AbstractShiroFilter.java:373)
	at org.apache.shiro.subject.support.SubjectCallable.doCall(SubjectCallable.java:90)
	at org.apache.shiro.subject.support.SubjectCallable.call(SubjectCallable.java:83)
	at org.apache.shiro.subject.support.DelegatingSubject.execute(DelegatingSubject.java:387)
	at org.apache.shiro.web.servlet.AbstractShiroFilter.doFilterInternal(AbstractShiroFilter.java:370)
	at org.sonatype.nexus.security.SecurityFilter.doFilterInternal(SecurityFilter.java:112)
	at org.apache.shiro.web.servlet.OncePerRequestFilter.doFilter(OncePerRequestFilter.java:154)
	at com.google.inject.servlet.FilterChainInvocation.doFilter(FilterChainInvocation.java:82)
	at com.codahale.metrics.servlet.AbstractInstrumentedFilter.doFilter(AbstractInstrumentedFilter.java:112)
	at com.google.inject.servlet.FilterChainInvocation.doFilter(FilterChainInvocation.java:82)
	at org.apache.shiro.web.servlet.ProxiedFilterChain.doFilter(ProxiedFilterChain.java:61)
	at org.apache.shiro.web.servlet.AdviceFilter.executeChain(AdviceFilter.java:108)
	at org.apache.shiro.web.servlet.AdviceFilter.doFilterInternal(AdviceFilter.java:137)
	at org.apache.shiro.web.servlet.OncePerRequestFilter.doFilter(OncePerRequestFilter.java:154)
	at org.apache.shiro.web.servlet.ProxiedFilterChain.doFilter(ProxiedFilterChain.java:66)
	at org.apache.shiro.web.servlet.AdviceFilter.executeChain(AdviceFilter.java:108)
	at org.apache.shiro.web.servlet.AdviceFilter.doFilterInternal(AdviceFilter.java:137)
	at org.apache.shiro.web.servlet.OncePerRequestFilter.doFilter(OncePerRequestFilter.java:154)
	at org.apache.shiro.web.servlet.ProxiedFilterChain.doFilter(ProxiedFilterChain.java:66)
	at org.apache.shiro.web.servlet.AdviceFilter.executeChain(AdviceFilter.java:108)
	at org.apache.shiro.web.servlet.AdviceFilter.doFilterInternal(AdviceFilter.java:137)
	at org.apache.shiro.web.servlet.OncePerRequestFilter.doFilter(OncePerRequestFilter.java:154)
	at org.apache.shiro.web.servlet.ProxiedFilterChain.doFilter(ProxiedFilterChain.java:66)
	at org.apache.shiro.web.servlet.AbstractShiroFilter.executeChain(AbstractShiroFilter.java:458)
	at org.sonatype.nexus.security.SecurityFilter.executeChain(SecurityFilter.java:96)
	at org.apache.shiro.web.servlet.AbstractShiroFilter$1.call(AbstractShiroFilter.java:373)
	at org.apache.shiro.subject.support.SubjectCallable.doCall(SubjectCallable.java:90)
	at org.apache.shiro.subject.support.SubjectCallable.call(SubjectCallable.java:83)
	at org.apache.shiro.subject.support.DelegatingSubject.execute(DelegatingSubject.java:387)
	at org.apache.shiro.web.servlet.AbstractShiroFilter.doFilterInternal(AbstractShiroFilter.java:370)
	at org.sonatype.nexus.security.SecurityFilter.doFilterInternal(SecurityFilter.java:112)
	at org.apache.shiro.web.servlet.OncePerRequestFilter.doFilter(OncePerRequestFilter.java:154)
	at com.google.inject.servlet.FilterChainInvocation.doFilter(FilterChainInvocation.java:82)
	at com.sonatype.nexus.licensing.internal.LicensingRedirectFilter.doFilter(LicensingRedirectFilter.java:116)
	at com.google.inject.servlet.FilterChainInvocation.doFilter(FilterChainInvocation.java:82)
	at com.codahale.metrics.servlet.AbstractInstrumentedFilter.doFilter(AbstractInstrumentedFilter.java:112)
	at com.google.inject.servlet.FilterChainInvocation.doFilter(FilterChainInvocation.java:82)
	at org.sonatype.nexus.internal.web.ErrorPageFilter.doFilter(ErrorPageFilter.java:79)
	at com.google.inject.servlet.FilterChainInvocation.doFilter(FilterChainInvocation.java:82)
	at org.sonatype.nexus.internal.web.EnvironmentFilter.doFilter(EnvironmentFilter.java:101)
	at com.google.inject.servlet.FilterChainInvocation.doFilter(FilterChainInvocation.java:82)
	at org.sonatype.nexus.internal.web.HeaderPatternFilter.doFilter(HeaderPatternFilter.java:98)
	at com.google.inject.servlet.FilterChainInvocation.doFilter(FilterChainInvocation.java:82)
	at com.google.inject.servlet.DynamicFilterPipeline.dispatch(DynamicFilterPipeline.java:104)
	at com.google.inject.servlet.GuiceFilter.doFilter(GuiceFilter.java:133)
	at org.sonatype.nexus.bootstrap.osgi.DelegatingFilter.doFilter(DelegatingFilter.java:73)
	at org.eclipse.jetty.servlet.FilterHolder.doFilter(FilterHolder.java:201)
	at org.eclipse.jetty.servlet.ServletHandler$Chain.doFilter(ServletHandler.java:1626)
	at org.eclipse.jetty.servlet.ServletHandler.doHandle(ServletHandler.java:552)
	at org.eclipse.jetty.server.handler.ScopedHandler.handle(ScopedHandler.java:143)
	at org.eclipse.jetty.security.SecurityHandler.handle(SecurityHandler.java:600)
	at org.eclipse.jetty.server.handler.HandlerWrapper.handle(HandlerWrapper.java:127)
	at org.eclipse.jetty.server.handler.ScopedHandler.nextHandle(ScopedHandler.java:235)
	at org.eclipse.jetty.server.session.SessionHandler.doHandle(SessionHandler.java:1624)
	at org.eclipse.jetty.server.handler.ScopedHandler.nextHandle(ScopedHandler.java:233)
	at org.eclipse.jetty.server.handler.ContextHandler.doHandle(ContextHandler.java:1440)
	at org.eclipse.jetty.server.handler.ScopedHandler.nextScope(ScopedHandler.java:188)
	at org.eclipse.jetty.servlet.ServletHandler.doScope(ServletHandler.java:505)
	at org.eclipse.jetty.server.session.SessionHandler.doScope(SessionHandler.java:1594)
	at org.eclipse.jetty.server.handler.ScopedHandler.nextScope(ScopedHandler.java:186)
	at org.eclipse.jetty.server.handler.ContextHandler.doScope(ContextHandler.java:1355)
	at org.eclipse.jetty.server.handler.ScopedHandler.handle(ScopedHandler.java:141)
	at org.eclipse.jetty.server.handler.HandlerWrapper.handle(HandlerWrapper.java:127)
	at com.codahale.metrics.jetty9.InstrumentedHandler.handle(InstrumentedHandler.java:239)
	at org.eclipse.jetty.server.handler.HandlerCollection.handle(HandlerCollection.java:146)
	at org.eclipse.jetty.server.handler.HandlerWrapper.handle(HandlerWrapper.java:127)
	at org.eclipse.jetty.server.Server.handle(Server.java:516)
	at org.eclipse.jetty.server.HttpChannel.lambda$handle$1(HttpChannel.java:487)
	at org.eclipse.jetty.server.HttpChannel.dispatch(HttpChannel.java:732)
	at org.eclipse.jetty.server.HttpChannel.handle(HttpChannel.java:479)
	at org.eclipse.jetty.server.HttpConnection.onFillable(HttpConnection.java:277)
	at org.eclipse.jetty.io.AbstractConnection$ReadCallback.succeeded(AbstractConnection.java:311)
	at org.eclipse.jetty.io.FillInterest.fillable(FillInterest.java:105)
	at org.eclipse.jetty.io.ChannelEndPoint$1.run(ChannelEndPoint.java:104)
	at org.eclipse.jetty.util.thread.strategy.EatWhatYouKill.runTask(EatWhatYouKill.java:338)
	at org.eclipse.jetty.util.thread.strategy.EatWhatYouKill.doProduce(EatWhatYouKill.java:315)
	at org.eclipse.jetty.util.thread.strategy.EatWhatYouKill.tryProduce(EatWhatYouKill.java:173)
	at org.eclipse.jetty.util.thread.strategy.EatWhatYouKill.run(EatWhatYouKill.java:131)
	at org.eclipse.jetty.util.thread.ReservedThreadExecutor$ReservedThread.run(ReservedThreadExecutor.java:409)
	at org.eclipse.jetty.util.thread.QueuedThreadPool.runJob(QueuedThreadPool.java:883)
	at org.eclipse.jetty.util.thread.QueuedThreadPool$Runner.run(QueuedThreadPool.java:1034)
	at java.lang.Thread.run(Thread.java:750)
Caused by: java.net.SocketTimeoutException: connect timed out
	at java.net.PlainSocketImpl.socketConnect(Native Method)
	at java.net.AbstractPlainSocketImpl.doConnect(AbstractPlainSocketImpl.java:350)
	at java.net.AbstractPlainSocketImpl.connectToAddress(AbstractPlainSocketImpl.java:206)
	at java.net.AbstractPlainSocketImpl.connect(AbstractPlainSocketImpl.java:188)
	at java.net.SocksSocketImpl.connect(SocksSocketImpl.java:392)
	at java.net.Socket.connect(Socket.java:607)
	at org.apache.http.conn.ssl.SSLConnectionSocketFactory.connectSocket(SSLConnectionSocketFactory.java:368)
	at org.sonatype.nexus.internal.httpclient.NexusSSLConnectionSocketFactory.connectSocket(NexusSSLConnectionSocketFactory.java:89)
	at org.apache.http.impl.conn.DefaultHttpClientConnectionOperator.connect(DefaultHttpClientConnectionOperator.java:142)
	... 143 common frames omitted
2022-12-07 09:54:57,356+0800 INFO  [SessionValidationThread-1]  *UNKNOWN org.apache.shiro.session.mgt.AbstractValidatingSessionManager - Validating all active sessions...
2022-12-07 09:54:57,359+0800 INFO  [SessionValidationThread-1]  *UNKNOWN org.apache.shiro.session.mgt.AbstractValidatingSessionManager - Finished session validation.  [1] sessions were stopped.
2022-12-07 09:55:10,442+0800 WARN  [qtp1909565284-117]  admin com.sonatype.nexus.plugins.outreach.internal.outreach.SonatypeOutreach - Could not download page bundle
org.apache.http.conn.ConnectTimeoutException: Connect to sonatype-download.global.ssl.fastly.net:443 [sonatype-download.global.ssl.fastly.net/128.242.240.85] failed: connect timed out
	at org.apache.http.impl.conn.DefaultHttpClientConnectionOperator.connect(DefaultHttpClientConnectionOperator.java:151)
	at org.apache.http.impl.conn.PoolingHttpClientConnectionManager.connect(PoolingHttpClientConnectionManager.java:376)
	at org.apache.http.impl.execchain.MainClientExec.establishRoute(MainClientExec.java:393)
	at org.apache.http.impl.execchain.MainClientExec.execute(MainClientExec.java:236)
	at org.apache.http.impl.execchain.ProtocolExec.execute(ProtocolExec.java:186)
	at org.apache.http.impl.execchain.RetryExec.execute(RetryExec.java:89)
	at org.apache.http.impl.execchain.RedirectExec.execute(RedirectExec.java:110)
	at org.apache.http.impl.client.InternalHttpClient.doExecute(InternalHttpClient.java:185)
	at org.apache.http.impl.client.CloseableHttpClient.execute(CloseableHttpClient.java:83)
	at org.apache.http.impl.client.CloseableHttpClient.execute(CloseableHttpClient.java:108)
	at com.sonatype.nexus.plugins.outreach.internal.outreach.OutreachConnector.get(OutreachConnector.java:136)
	at com.sonatype.nexus.plugins.outreach.internal.outreach.SonatypeOutreach.remote(SonatypeOutreach.java:279)
	at com.sonatype.nexus.plugins.outreach.internal.outreach.SonatypeOutreach.getOutreachBundle(SonatypeOutreach.java:163)
	at com.sonatype.nexus.plugins.outreach.internal.outreach.SonatypeOutreach.getPageBundle(SonatypeOutreach.java:152)
	at com.sonatype.nexus.plugins.outreach.Outreach$getPageBundle.call(Unknown Source)
	at com.sonatype.nexus.plugins.outreach.internal.ui.OutreachComponent.readStatus(OutreachComponent.groovy:67)
	at com.sonatype.nexus.plugins.outreach.internal.ui.OutreachComponent$$EnhancerByGuice$$1727250421.GUICE$TRAMPOLINE(<generated>)
	at com.google.inject.internal.InterceptorStackCallback$InterceptedMethodInvocation.proceed(InterceptorStackCallback.java:74)
	at com.palominolabs.metrics.guice.ExceptionMeteredInterceptor.invoke(ExceptionMeteredInterceptor.java:23)
	at com.google.inject.internal.InterceptorStackCallback$InterceptedMethodInvocation.proceed(InterceptorStackCallback.java:75)
	at com.palominolabs.metrics.guice.TimedInterceptor.invoke(TimedInterceptor.java:26)
	at com.google.inject.internal.InterceptorStackCallback$InterceptedMethodInvocation.proceed(InterceptorStackCallback.java:75)
	at com.google.inject.internal.InterceptorStackCallback.invoke(InterceptorStackCallback.java:55)
	at com.sonatype.nexus.plugins.outreach.internal.ui.OutreachComponent$$EnhancerByGuice$$1727250421.readStatus(<generated>)
	at sun.reflect.NativeMethodAccessorImpl.invoke0(Native Method)
	at sun.reflect.NativeMethodAccessorImpl.invoke(NativeMethodAccessorImpl.java:62)
	at sun.reflect.DelegatingMethodAccessorImpl.invoke(DelegatingMethodAccessorImpl.java:43)
	at java.lang.reflect.Method.invoke(Method.java:498)
	at com.softwarementors.extjs.djn.router.dispatcher.DispatcherBase.invokeJavaMethod(DispatcherBase.java:142)
	at com.softwarementors.extjs.djn.router.dispatcher.DispatcherBase.invokeMethod(DispatcherBase.java:133)
	at org.sonatype.nexus.extdirect.internal.ExtDirectDispatcher.invokeMethod(ExtDirectDispatcher.java:82)
	at com.softwarementors.extjs.djn.router.dispatcher.DispatcherBase.dispatch(DispatcherBase.java:63)
	at com.softwarementors.extjs.djn.router.processor.standard.StandardRequestProcessorBase.dispatchStandardMethod(StandardRequestProcessorBase.java:73)
	at com.softwarementors.extjs.djn.router.processor.standard.json.JsonRequestProcessor.processIndividualRequest(JsonRequestProcessor.java:502)
	at com.softwarementors.extjs.djn.router.processor.standard.json.JsonRequestProcessor.processIndividualRequestsInThisThread(JsonRequestProcessor.java:150)
	at com.softwarementors.extjs.djn.router.processor.standard.json.JsonRequestProcessor.process(JsonRequestProcessor.java:133)
	at com.softwarementors.extjs.djn.router.RequestRouter.processJsonRequest(RequestRouter.java:83)
	at com.softwarementors.extjs.djn.servlet.DirectJNgineServlet.processRequest(DirectJNgineServlet.java:632)
	at com.softwarementors.extjs.djn.servlet.DirectJNgineServlet.doPost(DirectJNgineServlet.java:595)
	at org.sonatype.nexus.extdirect.internal.ExtDirectServlet.doPost(ExtDirectServlet.java:137)
	at javax.servlet.http.HttpServlet.service(HttpServlet.java:707)
	at javax.servlet.http.HttpServlet.service(HttpServlet.java:790)
	at com.google.inject.servlet.ServletDefinition.doServiceImpl(ServletDefinition.java:290)
	at com.google.inject.servlet.ServletDefinition.doService(ServletDefinition.java:280)
	at com.google.inject.servlet.ServletDefinition.service(ServletDefinition.java:184)
	at com.google.inject.servlet.DynamicServletPipeline.service(DynamicServletPipeline.java:71)
	at com.google.inject.servlet.FilterChainInvocation.doFilter(FilterChainInvocation.java:85)
	at org.apache.shiro.web.servlet.ProxiedFilterChain.doFilter(ProxiedFilterChain.java:61)
	at org.apache.shiro.web.servlet.AdviceFilter.executeChain(AdviceFilter.java:108)
	at org.apache.shiro.web.servlet.AdviceFilter.doFilterInternal(AdviceFilter.java:137)
	at org.apache.shiro.web.servlet.OncePerRequestFilter.doFilter(OncePerRequestFilter.java:154)
	at org.apache.shiro.web.servlet.ProxiedFilterChain.doFilter(ProxiedFilterChain.java:66)
	at org.apache.shiro.web.servlet.AdviceFilter.executeChain(AdviceFilter.java:108)
	at org.apache.shiro.web.servlet.AdviceFilter.doFilterInternal(AdviceFilter.java:137)
	at org.apache.shiro.web.servlet.OncePerRequestFilter.doFilter(OncePerRequestFilter.java:154)
	at org.apache.shiro.web.servlet.ProxiedFilterChain.doFilter(ProxiedFilterChain.java:66)
	at org.apache.shiro.web.servlet.AdviceFilter.executeChain(AdviceFilter.java:108)
	at org.apache.shiro.web.servlet.AdviceFilter.doFilterInternal(AdviceFilter.java:137)
	at org.apache.shiro.web.servlet.OncePerRequestFilter.doFilter(OncePerRequestFilter.java:154)
	at org.apache.shiro.web.servlet.ProxiedFilterChain.doFilter(ProxiedFilterChain.java:66)
	at org.apache.shiro.web.servlet.AbstractShiroFilter.executeChain(AbstractShiroFilter.java:458)
	at org.sonatype.nexus.security.SecurityFilter.executeChain(SecurityFilter.java:96)
	at org.apache.shiro.web.servlet.AbstractShiroFilter$1.call(AbstractShiroFilter.java:373)
	at org.apache.shiro.subject.support.SubjectCallable.doCall(SubjectCallable.java:90)
	at org.apache.shiro.subject.support.SubjectCallable.call(SubjectCallable.java:83)
	at org.apache.shiro.subject.support.DelegatingSubject.execute(DelegatingSubject.java:387)
	at org.apache.shiro.web.servlet.AbstractShiroFilter.doFilterInternal(AbstractShiroFilter.java:370)
	at org.sonatype.nexus.security.SecurityFilter.doFilterInternal(SecurityFilter.java:112)
	at org.apache.shiro.web.servlet.OncePerRequestFilter.doFilter(OncePerRequestFilter.java:154)
	at com.google.inject.servlet.FilterChainInvocation.doFilter(FilterChainInvocation.java:82)
	at com.codahale.metrics.servlet.AbstractInstrumentedFilter.doFilter(AbstractInstrumentedFilter.java:112)
	at com.google.inject.servlet.FilterChainInvocation.doFilter(FilterChainInvocation.java:82)
	at org.apache.shiro.web.servlet.ProxiedFilterChain.doFilter(ProxiedFilterChain.java:61)
	at org.apache.shiro.web.servlet.AdviceFilter.executeChain(AdviceFilter.java:108)
	at org.apache.shiro.web.servlet.AdviceFilter.doFilterInternal(AdviceFilter.java:137)
	at org.apache.shiro.web.servlet.OncePerRequestFilter.doFilter(OncePerRequestFilter.java:154)
	at org.apache.shiro.web.servlet.ProxiedFilterChain.doFilter(ProxiedFilterChain.java:66)
	at org.apache.shiro.web.servlet.AdviceFilter.executeChain(AdviceFilter.java:108)
	at org.apache.shiro.web.servlet.AdviceFilter.doFilterInternal(AdviceFilter.java:137)
	at org.apache.shiro.web.servlet.OncePerRequestFilter.doFilter(OncePerRequestFilter.java:154)
	at org.apache.shiro.web.servlet.ProxiedFilterChain.doFilter(ProxiedFilterChain.java:66)
	at org.apache.shiro.web.servlet.AdviceFilter.executeChain(AdviceFilter.java:108)
	at org.apache.shiro.web.servlet.AdviceFilter.doFilterInternal(AdviceFilter.java:137)
	at org.apache.shiro.web.servlet.OncePerRequestFilter.doFilter(OncePerRequestFilter.java:154)
	at org.apache.shiro.web.servlet.ProxiedFilterChain.doFilter(ProxiedFilterChain.java:66)
	at org.apache.shiro.web.servlet.AbstractShiroFilter.executeChain(AbstractShiroFilter.java:458)
	at org.sonatype.nexus.security.SecurityFilter.executeChain(SecurityFilter.java:96)
	at org.apache.shiro.web.servlet.AbstractShiroFilter$1.call(AbstractShiroFilter.java:373)
	at org.apache.shiro.subject.support.SubjectCallable.doCall(SubjectCallable.java:90)
	at org.apache.shiro.subject.support.SubjectCallable.call(SubjectCallable.java:83)
	at org.apache.shiro.subject.support.DelegatingSubject.execute(DelegatingSubject.java:387)
	at org.apache.shiro.web.servlet.AbstractShiroFilter.doFilterInternal(AbstractShiroFilter.java:370)
	at org.sonatype.nexus.security.SecurityFilter.doFilterInternal(SecurityFilter.java:112)
	at org.apache.shiro.web.servlet.OncePerRequestFilter.doFilter(OncePerRequestFilter.java:154)
	at com.google.inject.servlet.FilterChainInvocation.doFilter(FilterChainInvocation.java:82)
	at com.sonatype.nexus.licensing.internal.LicensingRedirectFilter.doFilter(LicensingRedirectFilter.java:116)
	at com.google.inject.servlet.FilterChainInvocation.doFilter(FilterChainInvocation.java:82)
	at com.codahale.metrics.servlet.AbstractInstrumentedFilter.doFilter(AbstractInstrumentedFilter.java:112)
	at com.google.inject.servlet.FilterChainInvocation.doFilter(FilterChainInvocation.java:82)
	at org.sonatype.nexus.internal.web.ErrorPageFilter.doFilter(ErrorPageFilter.java:79)
	at com.google.inject.servlet.FilterChainInvocation.doFilter(FilterChainInvocation.java:82)
	at org.sonatype.nexus.internal.web.EnvironmentFilter.doFilter(EnvironmentFilter.java:101)
	at com.google.inject.servlet.FilterChainInvocation.doFilter(FilterChainInvocation.java:82)
	at org.sonatype.nexus.internal.web.HeaderPatternFilter.doFilter(HeaderPatternFilter.java:98)
	at com.google.inject.servlet.FilterChainInvocation.doFilter(FilterChainInvocation.java:82)
	at com.google.inject.servlet.DynamicFilterPipeline.dispatch(DynamicFilterPipeline.java:104)
	at com.google.inject.servlet.GuiceFilter.doFilter(GuiceFilter.java:133)
	at org.sonatype.nexus.bootstrap.osgi.DelegatingFilter.doFilter(DelegatingFilter.java:73)
	at org.eclipse.jetty.servlet.FilterHolder.doFilter(FilterHolder.java:201)
	at org.eclipse.jetty.servlet.ServletHandler$Chain.doFilter(ServletHandler.java:1626)
	at org.eclipse.jetty.servlet.ServletHandler.doHandle(ServletHandler.java:552)
	at org.eclipse.jetty.server.handler.ScopedHandler.handle(ScopedHandler.java:143)
	at org.eclipse.jetty.security.SecurityHandler.handle(SecurityHandler.java:600)
	at org.eclipse.jetty.server.handler.HandlerWrapper.handle(HandlerWrapper.java:127)
	at org.eclipse.jetty.server.handler.ScopedHandler.nextHandle(ScopedHandler.java:235)
	at org.eclipse.jetty.server.session.SessionHandler.doHandle(SessionHandler.java:1624)
	at org.eclipse.jetty.server.handler.ScopedHandler.nextHandle(ScopedHandler.java:233)
	at org.eclipse.jetty.server.handler.ContextHandler.doHandle(ContextHandler.java:1440)
	at org.eclipse.jetty.server.handler.ScopedHandler.nextScope(ScopedHandler.java:188)
	at org.eclipse.jetty.servlet.ServletHandler.doScope(ServletHandler.java:505)
	at org.eclipse.jetty.server.session.SessionHandler.doScope(SessionHandler.java:1594)
	at org.eclipse.jetty.server.handler.ScopedHandler.nextScope(ScopedHandler.java:186)
	at org.eclipse.jetty.server.handler.ContextHandler.doScope(ContextHandler.java:1355)
	at org.eclipse.jetty.server.handler.ScopedHandler.handle(ScopedHandler.java:141)
	at org.eclipse.jetty.server.handler.HandlerWrapper.handle(HandlerWrapper.java:127)
	at com.codahale.metrics.jetty9.InstrumentedHandler.handle(InstrumentedHandler.java:239)
	at org.eclipse.jetty.server.handler.HandlerCollection.handle(HandlerCollection.java:146)
	at org.eclipse.jetty.server.handler.HandlerWrapper.handle(HandlerWrapper.java:127)
	at org.eclipse.jetty.server.Server.handle(Server.java:516)
	at org.eclipse.jetty.server.HttpChannel.lambda$handle$1(HttpChannel.java:487)
	at org.eclipse.jetty.server.HttpChannel.dispatch(HttpChannel.java:732)
	at org.eclipse.jetty.server.HttpChannel.handle(HttpChannel.java:479)
	at org.eclipse.jetty.server.HttpConnection.onFillable(HttpConnection.java:277)
	at org.eclipse.jetty.io.AbstractConnection$ReadCallback.succeeded(AbstractConnection.java:311)
	at org.eclipse.jetty.io.FillInterest.fillable(FillInterest.java:105)
	at org.eclipse.jetty.io.ChannelEndPoint$1.run(ChannelEndPoint.java:104)
	at org.eclipse.jetty.util.thread.strategy.EatWhatYouKill.runTask(EatWhatYouKill.java:338)
	at org.eclipse.jetty.util.thread.strategy.EatWhatYouKill.doProduce(EatWhatYouKill.java:315)
	at org.eclipse.jetty.util.thread.strategy.EatWhatYouKill.tryProduce(EatWhatYouKill.java:173)
	at org.eclipse.jetty.util.thread.strategy.EatWhatYouKill.run(EatWhatYouKill.java:131)
	at org.eclipse.jetty.util.thread.ReservedThreadExecutor$ReservedThread.run(ReservedThreadExecutor.java:409)
	at org.eclipse.jetty.util.thread.QueuedThreadPool.runJob(QueuedThreadPool.java:883)
	at org.eclipse.jetty.util.thread.QueuedThreadPool$Runner.run(QueuedThreadPool.java:1034)
	at java.lang.Thread.run(Thread.java:750)
Caused by: java.net.SocketTimeoutException: connect timed out
	at java.net.PlainSocketImpl.socketConnect(Native Method)
	at java.net.AbstractPlainSocketImpl.doConnect(AbstractPlainSocketImpl.java:350)
	at java.net.AbstractPlainSocketImpl.connectToAddress(AbstractPlainSocketImpl.java:206)
	at java.net.AbstractPlainSocketImpl.connect(AbstractPlainSocketImpl.java:188)
	at java.net.SocksSocketImpl.connect(SocksSocketImpl.java:392)
	at java.net.Socket.connect(Socket.java:607)
	at org.apache.http.conn.ssl.SSLConnectionSocketFactory.connectSocket(SSLConnectionSocketFactory.java:368)
	at org.sonatype.nexus.internal.httpclient.NexusSSLConnectionSocketFactory.connectSocket(NexusSSLConnectionSocketFactory.java:89)
	at org.apache.http.impl.conn.DefaultHttpClientConnectionOperator.connect(DefaultHttpClientConnectionOperator.java:142)
	... 143 common frames omitted
2022-12-07 09:55:32,589+0800 WARN  [qtp1909565284-951]  admin com.sonatype.nexus.plugins.outreach.internal.outreach.SonatypeOutreach - Could not download page bundle
org.apache.http.conn.ConnectTimeoutException: Connect to sonatype-download.global.ssl.fastly.net:443 [sonatype-download.global.ssl.fastly.net/199.59.148.222] failed: connect timed out
	at org.apache.http.impl.conn.DefaultHttpClientConnectionOperator.connect(DefaultHttpClientConnectionOperator.java:151)
	at org.apache.http.impl.conn.PoolingHttpClientConnectionManager.connect(PoolingHttpClientConnectionManager.java:376)
	at org.apache.http.impl.execchain.MainClientExec.establishRoute(MainClientExec.java:393)
	at org.apache.http.impl.execchain.MainClientExec.execute(MainClientExec.java:236)
	at org.apache.http.impl.execchain.ProtocolExec.execute(ProtocolExec.java:186)
	at org.apache.http.impl.execchain.RetryExec.execute(RetryExec.java:89)
	at org.apache.http.impl.execchain.RedirectExec.execute(RedirectExec.java:110)
	at org.apache.http.impl.client.InternalHttpClient.doExecute(InternalHttpClient.java:185)
	at org.apache.http.impl.client.CloseableHttpClient.execute(CloseableHttpClient.java:83)
	at org.apache.http.impl.client.CloseableHttpClient.execute(CloseableHttpClient.java:108)
	at com.sonatype.nexus.plugins.outreach.internal.outreach.OutreachConnector.get(OutreachConnector.java:136)
	at com.sonatype.nexus.plugins.outreach.internal.outreach.SonatypeOutreach.remote(SonatypeOutreach.java:279)
	at com.sonatype.nexus.plugins.outreach.internal.outreach.SonatypeOutreach.getOutreachBundle(SonatypeOutreach.java:163)
	at com.sonatype.nexus.plugins.outreach.internal.outreach.SonatypeOutreach.getPageBundle(SonatypeOutreach.java:152)
	at com.sonatype.nexus.plugins.outreach.Outreach$getPageBundle.call(Unknown Source)
	at com.sonatype.nexus.plugins.outreach.internal.ui.OutreachComponent.readStatus(OutreachComponent.groovy:67)
	at com.sonatype.nexus.plugins.outreach.internal.ui.OutreachComponent$$EnhancerByGuice$$1727250421.GUICE$TRAMPOLINE(<generated>)
	at com.google.inject.internal.InterceptorStackCallback$InterceptedMethodInvocation.proceed(InterceptorStackCallback.java:74)
	at com.palominolabs.metrics.guice.ExceptionMeteredInterceptor.invoke(ExceptionMeteredInterceptor.java:23)
	at com.google.inject.internal.InterceptorStackCallback$InterceptedMethodInvocation.proceed(InterceptorStackCallback.java:75)
	at com.palominolabs.metrics.guice.TimedInterceptor.invoke(TimedInterceptor.java:26)
	at com.google.inject.internal.InterceptorStackCallback$InterceptedMethodInvocation.proceed(InterceptorStackCallback.java:75)
	at com.google.inject.internal.InterceptorStackCallback.invoke(InterceptorStackCallback.java:55)
	at com.sonatype.nexus.plugins.outreach.internal.ui.OutreachComponent$$EnhancerByGuice$$1727250421.readStatus(<generated>)
	at sun.reflect.NativeMethodAccessorImpl.invoke0(Native Method)
	at sun.reflect.NativeMethodAccessorImpl.invoke(NativeMethodAccessorImpl.java:62)
	at sun.reflect.DelegatingMethodAccessorImpl.invoke(DelegatingMethodAccessorImpl.java:43)
	at java.lang.reflect.Method.invoke(Method.java:498)
	at com.softwarementors.extjs.djn.router.dispatcher.DispatcherBase.invokeJavaMethod(DispatcherBase.java:142)
	at com.softwarementors.extjs.djn.router.dispatcher.DispatcherBase.invokeMethod(DispatcherBase.java:133)
	at org.sonatype.nexus.extdirect.internal.ExtDirectDispatcher.invokeMethod(ExtDirectDispatcher.java:82)
	at com.softwarementors.extjs.djn.router.dispatcher.DispatcherBase.dispatch(DispatcherBase.java:63)
	at com.softwarementors.extjs.djn.router.processor.standard.StandardRequestProcessorBase.dispatchStandardMethod(StandardRequestProcessorBase.java:73)
	at com.softwarementors.extjs.djn.router.processor.standard.json.JsonRequestProcessor.processIndividualRequest(JsonRequestProcessor.java:502)
	at com.softwarementors.extjs.djn.router.processor.standard.json.JsonRequestProcessor.processIndividualRequestsInThisThread(JsonRequestProcessor.java:150)
	at com.softwarementors.extjs.djn.router.processor.standard.json.JsonRequestProcessor.process(JsonRequestProcessor.java:133)
	at com.softwarementors.extjs.djn.router.RequestRouter.processJsonRequest(RequestRouter.java:83)
	at com.softwarementors.extjs.djn.servlet.DirectJNgineServlet.processRequest(DirectJNgineServlet.java:632)
	at com.softwarementors.extjs.djn.servlet.DirectJNgineServlet.doPost(DirectJNgineServlet.java:595)
	at org.sonatype.nexus.extdirect.internal.ExtDirectServlet.doPost(ExtDirectServlet.java:137)
	at javax.servlet.http.HttpServlet.service(HttpServlet.java:707)
	at javax.servlet.http.HttpServlet.service(HttpServlet.java:790)
	at com.google.inject.servlet.ServletDefinition.doServiceImpl(ServletDefinition.java:290)
	at com.google.inject.servlet.ServletDefinition.doService(ServletDefinition.java:280)
	at com.google.inject.servlet.ServletDefinition.service(ServletDefinition.java:184)
	at com.google.inject.servlet.DynamicServletPipeline.service(DynamicServletPipeline.java:71)
	at com.google.inject.servlet.FilterChainInvocation.doFilter(FilterChainInvocation.java:85)
	at org.apache.shiro.web.servlet.ProxiedFilterChain.doFilter(ProxiedFilterChain.java:61)
	at org.apache.shiro.web.servlet.AdviceFilter.executeChain(AdviceFilter.java:108)
	at org.apache.shiro.web.servlet.AdviceFilter.doFilterInternal(AdviceFilter.java:137)
	at org.apache.shiro.web.servlet.OncePerRequestFilter.doFilter(OncePerRequestFilter.java:154)
	at org.apache.shiro.web.servlet.ProxiedFilterChain.doFilter(ProxiedFilterChain.java:66)
	at org.apache.shiro.web.servlet.AdviceFilter.executeChain(AdviceFilter.java:108)
	at org.apache.shiro.web.servlet.AdviceFilter.doFilterInternal(AdviceFilter.java:137)
	at org.apache.shiro.web.servlet.OncePerRequestFilter.doFilter(OncePerRequestFilter.java:154)
	at org.apache.shiro.web.servlet.ProxiedFilterChain.doFilter(ProxiedFilterChain.java:66)
	at org.apache.shiro.web.servlet.AdviceFilter.executeChain(AdviceFilter.java:108)
	at org.apache.shiro.web.servlet.AdviceFilter.doFilterInternal(AdviceFilter.java:137)
	at org.apache.shiro.web.servlet.OncePerRequestFilter.doFilter(OncePerRequestFilter.java:154)
	at org.apache.shiro.web.servlet.ProxiedFilterChain.doFilter(ProxiedFilterChain.java:66)
	at org.apache.shiro.web.servlet.AbstractShiroFilter.executeChain(AbstractShiroFilter.java:458)
	at org.sonatype.nexus.security.SecurityFilter.executeChain(SecurityFilter.java:96)
	at org.apache.shiro.web.servlet.AbstractShiroFilter$1.call(AbstractShiroFilter.java:373)
	at org.apache.shiro.subject.support.SubjectCallable.doCall(SubjectCallable.java:90)
	at org.apache.shiro.subject.support.SubjectCallable.call(SubjectCallable.java:83)
	at org.apache.shiro.subject.support.DelegatingSubject.execute(DelegatingSubject.java:387)
	at org.apache.shiro.web.servlet.AbstractShiroFilter.doFilterInternal(AbstractShiroFilter.java:370)
	at org.sonatype.nexus.security.SecurityFilter.doFilterInternal(SecurityFilter.java:112)
	at org.apache.shiro.web.servlet.OncePerRequestFilter.doFilter(OncePerRequestFilter.java:154)
	at com.google.inject.servlet.FilterChainInvocation.doFilter(FilterChainInvocation.java:82)
	at com.codahale.metrics.servlet.AbstractInstrumentedFilter.doFilter(AbstractInstrumentedFilter.java:112)
	at com.google.inject.servlet.FilterChainInvocation.doFilter(FilterChainInvocation.java:82)
	at org.apache.shiro.web.servlet.ProxiedFilterChain.doFilter(ProxiedFilterChain.java:61)
	at org.apache.shiro.web.servlet.AdviceFilter.executeChain(AdviceFilter.java:108)
	at org.apache.shiro.web.servlet.AdviceFilter.doFilterInternal(AdviceFilter.java:137)
	at org.apache.shiro.web.servlet.OncePerRequestFilter.doFilter(OncePerRequestFilter.java:154)
	at org.apache.shiro.web.servlet.ProxiedFilterChain.doFilter(ProxiedFilterChain.java:66)
	at org.apache.shiro.web.servlet.AdviceFilter.executeChain(AdviceFilter.java:108)
	at org.apache.shiro.web.servlet.AdviceFilter.doFilterInternal(AdviceFilter.java:137)
	at org.apache.shiro.web.servlet.OncePerRequestFilter.doFilter(OncePerRequestFilter.java:154)
	at org.apache.shiro.web.servlet.ProxiedFilterChain.doFilter(ProxiedFilterChain.java:66)
	at org.apache.shiro.web.servlet.AdviceFilter.executeChain(AdviceFilter.java:108)
	at org.apache.shiro.web.servlet.AdviceFilter.doFilterInternal(AdviceFilter.java:137)
	at org.apache.shiro.web.servlet.OncePerRequestFilter.doFilter(OncePerRequestFilter.java:154)
	at org.apache.shiro.web.servlet.ProxiedFilterChain.doFilter(ProxiedFilterChain.java:66)
	at org.apache.shiro.web.servlet.AbstractShiroFilter.executeChain(AbstractShiroFilter.java:458)
	at org.sonatype.nexus.security.SecurityFilter.executeChain(SecurityFilter.java:96)
	at org.apache.shiro.web.servlet.AbstractShiroFilter$1.call(AbstractShiroFilter.java:373)
	at org.apache.shiro.subject.support.SubjectCallable.doCall(SubjectCallable.java:90)
	at org.apache.shiro.subject.support.SubjectCallable.call(SubjectCallable.java:83)
	at org.apache.shiro.subject.support.DelegatingSubject.execute(DelegatingSubject.java:387)
	at org.apache.shiro.web.servlet.AbstractShiroFilter.doFilterInternal(AbstractShiroFilter.java:370)
	at org.sonatype.nexus.security.SecurityFilter.doFilterInternal(SecurityFilter.java:112)
	at org.apache.shiro.web.servlet.OncePerRequestFilter.doFilter(OncePerRequestFilter.java:154)
	at com.google.inject.servlet.FilterChainInvocation.doFilter(FilterChainInvocation.java:82)
	at com.sonatype.nexus.licensing.internal.LicensingRedirectFilter.doFilter(LicensingRedirectFilter.java:116)
	at com.google.inject.servlet.FilterChainInvocation.doFilter(FilterChainInvocation.java:82)
	at com.codahale.metrics.servlet.AbstractInstrumentedFilter.doFilter(AbstractInstrumentedFilter.java:112)
	at com.google.inject.servlet.FilterChainInvocation.doFilter(FilterChainInvocation.java:82)
	at org.sonatype.nexus.internal.web.ErrorPageFilter.doFilter(ErrorPageFilter.java:79)
	at com.google.inject.servlet.FilterChainInvocation.doFilter(FilterChainInvocation.java:82)
	at org.sonatype.nexus.internal.web.EnvironmentFilter.doFilter(EnvironmentFilter.java:101)
	at com.google.inject.servlet.FilterChainInvocation.doFilter(FilterChainInvocation.java:82)
	at org.sonatype.nexus.internal.web.HeaderPatternFilter.doFilter(HeaderPatternFilter.java:98)
	at com.google.inject.servlet.FilterChainInvocation.doFilter(FilterChainInvocation.java:82)
	at com.google.inject.servlet.DynamicFilterPipeline.dispatch(DynamicFilterPipeline.java:104)
	at com.google.inject.servlet.GuiceFilter.doFilter(GuiceFilter.java:133)
	at org.sonatype.nexus.bootstrap.osgi.DelegatingFilter.doFilter(DelegatingFilter.java:73)
	at org.eclipse.jetty.servlet.FilterHolder.doFilter(FilterHolder.java:201)
	at org.eclipse.jetty.servlet.ServletHandler$Chain.doFilter(ServletHandler.java:1626)
	at org.eclipse.jetty.servlet.ServletHandler.doHandle(ServletHandler.java:552)
	at org.eclipse.jetty.server.handler.ScopedHandler.handle(ScopedHandler.java:143)
	at org.eclipse.jetty.security.SecurityHandler.handle(SecurityHandler.java:600)
	at org.eclipse.jetty.server.handler.HandlerWrapper.handle(HandlerWrapper.java:127)
	at org.eclipse.jetty.server.handler.ScopedHandler.nextHandle(ScopedHandler.java:235)
	at org.eclipse.jetty.server.session.SessionHandler.doHandle(SessionHandler.java:1624)
	at org.eclipse.jetty.server.handler.ScopedHandler.nextHandle(ScopedHandler.java:233)
	at org.eclipse.jetty.server.handler.ContextHandler.doHandle(ContextHandler.java:1440)
	at org.eclipse.jetty.server.handler.ScopedHandler.nextScope(ScopedHandler.java:188)
	at org.eclipse.jetty.servlet.ServletHandler.doScope(ServletHandler.java:505)
	at org.eclipse.jetty.server.session.SessionHandler.doScope(SessionHandler.java:1594)
	at org.eclipse.jetty.server.handler.ScopedHandler.nextScope(ScopedHandler.java:186)
	at org.eclipse.jetty.server.handler.ContextHandler.doScope(ContextHandler.java:1355)
	at org.eclipse.jetty.server.handler.ScopedHandler.handle(ScopedHandler.java:141)
	at org.eclipse.jetty.server.handler.HandlerWrapper.handle(HandlerWrapper.java:127)
	at com.codahale.metrics.jetty9.InstrumentedHandler.handle(InstrumentedHandler.java:239)
	at org.eclipse.jetty.server.handler.HandlerCollection.handle(HandlerCollection.java:146)
	at org.eclipse.jetty.server.handler.HandlerWrapper.handle(HandlerWrapper.java:127)
	at org.eclipse.jetty.server.Server.handle(Server.java:516)
	at org.eclipse.jetty.server.HttpChannel.lambda$handle$1(HttpChannel.java:487)
	at org.eclipse.jetty.server.HttpChannel.dispatch(HttpChannel.java:732)
	at org.eclipse.jetty.server.HttpChannel.handle(HttpChannel.java:479)
	at org.eclipse.jetty.server.HttpConnection.onFillable(HttpConnection.java:277)
	at org.eclipse.jetty.io.AbstractConnection$ReadCallback.succeeded(AbstractConnection.java:311)
	at org.eclipse.jetty.io.FillInterest.fillable(FillInterest.java:105)
	at org.eclipse.jetty.io.ChannelEndPoint$1.run(ChannelEndPoint.java:104)
	at org.eclipse.jetty.util.thread.strategy.EatWhatYouKill.runTask(EatWhatYouKill.java:338)
	at org.eclipse.jetty.util.thread.strategy.EatWhatYouKill.doProduce(EatWhatYouKill.java:315)
	at org.eclipse.jetty.util.thread.strategy.EatWhatYouKill.tryProduce(EatWhatYouKill.java:173)
	at org.eclipse.jetty.util.thread.strategy.EatWhatYouKill.run(EatWhatYouKill.java:131)
	at org.eclipse.jetty.util.thread.ReservedThreadExecutor$ReservedThread.run(ReservedThreadExecutor.java:409)
	at org.eclipse.jetty.util.thread.QueuedThreadPool.runJob(QueuedThreadPool.java:883)
	at org.eclipse.jetty.util.thread.QueuedThreadPool$Runner.run(QueuedThreadPool.java:1034)
	at java.lang.Thread.run(Thread.java:750)
Caused by: java.net.SocketTimeoutException: connect timed out
	at java.net.PlainSocketImpl.socketConnect(Native Method)
	at java.net.AbstractPlainSocketImpl.doConnect(AbstractPlainSocketImpl.java:350)
	at java.net.AbstractPlainSocketImpl.connectToAddress(AbstractPlainSocketImpl.java:206)
	at java.net.AbstractPlainSocketImpl.connect(AbstractPlainSocketImpl.java:188)
	at java.net.SocksSocketImpl.connect(SocksSocketImpl.java:392)
	at java.net.Socket.connect(Socket.java:607)
	at org.apache.http.conn.ssl.SSLConnectionSocketFactory.connectSocket(SSLConnectionSocketFactory.java:368)
	at org.sonatype.nexus.internal.httpclient.NexusSSLConnectionSocketFactory.connectSocket(NexusSSLConnectionSocketFactory.java:89)
	at org.apache.http.impl.conn.DefaultHttpClientConnectionOperator.connect(DefaultHttpClientConnectionOperator.java:142)
	... 143 common frames omitted
2022-12-07 10:00:00,014+0800 INFO  [quartz-10-thread-17]  *SYSTEM org.sonatype.nexus.quartz.internal.task.QuartzTaskInfo - Task 'Storage facet cleanup' [repository.storage-facet-cleanup] state change WAITING -> RUNNING
2022-12-07 10:00:00,024+0800 INFO  [quartz-10-thread-17]  *SYSTEM org.sonatype.nexus.quartz.internal.task.QuartzTaskInfo - Task 'Storage facet cleanup' [repository.storage-facet-cleanup] state change RUNNING -> WAITING (OK)
2022-12-07 10:10:00,009+0800 INFO  [quartz-10-thread-18]  *SYSTEM org.sonatype.nexus.quartz.internal.task.QuartzTaskInfo - Task 'Storage facet cleanup' [repository.storage-facet-cleanup] state change WAITING -> RUNNING
2022-12-07 10:10:00,013+0800 INFO  [quartz-10-thread-18]  *SYSTEM org.sonatype.nexus.quartz.internal.task.QuartzTaskInfo - Task 'Storage facet cleanup' [repository.storage-facet-cleanup] state change RUNNING -> WAITING (OK)
2022-12-07 10:20:00,009+0800 INFO  [quartz-10-thread-19]  *SYSTEM org.sonatype.nexus.quartz.internal.task.QuartzTaskInfo - Task 'Storage facet cleanup' [repository.storage-facet-cleanup] state change WAITING -> RUNNING
2022-12-07 10:20:00,012+0800 INFO  [quartz-10-thread-19]  *SYSTEM org.sonatype.nexus.quartz.internal.task.QuartzTaskInfo - Task 'Storage facet cleanup' [repository.storage-facet-cleanup] state change RUNNING -> WAITING (OK)
2022-12-07 10:30:00,011+0800 INFO  [quartz-10-thread-20]  *SYSTEM org.sonatype.nexus.quartz.internal.task.QuartzTaskInfo - Task 'Storage facet cleanup' [repository.storage-facet-cleanup] state change WAITING -> RUNNING
2022-12-07 10:30:00,017+0800 INFO  [quartz-10-thread-20]  *SYSTEM org.sonatype.nexus.quartz.internal.task.QuartzTaskInfo - Task 'Storage facet cleanup' [repository.storage-facet-cleanup] state change RUNNING -> WAITING (OK)
2022-12-07 10:40:00,012+0800 INFO  [quartz-10-thread-20]  *SYSTEM org.sonatype.nexus.quartz.internal.task.QuartzTaskInfo - Task 'Storage facet cleanup' [repository.storage-facet-cleanup] state change WAITING -> RUNNING
2022-12-07 10:40:00,021+0800 INFO  [quartz-10-thread-20]  *SYSTEM org.sonatype.nexus.quartz.internal.task.QuartzTaskInfo - Task 'Storage facet cleanup' [repository.storage-facet-cleanup] state change RUNNING -> WAITING (OK)
